2024-03-13T08:23:10.028+09:00  INFO 13420 --- [ch07] [restartedMain] kr.co.ch07.Ch07Application               : Starting Ch07Application using Java 17.0.9 with PID 13420 (C:\Users\java\Desktop\workspace\Spring\ch07\build\classes\java\main started by java in C:\Users\java\Desktop\workspace\Spring\ch07)
2024-03-13T08:23:10.033+09:00  INFO 13420 --- [ch07] [restartedMain] kr.co.ch07.Ch07Application               : No active profile set, falling back to 1 default profile: "default"
2024-03-13T08:23:10.070+09:00  INFO 13420 --- [ch07] [restartedMain] .e.DevToolsPropertyDefaultsPostProcessor : Devtools property defaults active! Set 'spring.devtools.add-properties' to 'false' to disable
2024-03-13T08:23:10.070+09:00  INFO 13420 --- [ch07] [restartedMain] .e.DevToolsPropertyDefaultsPostProcessor : For additional web related logging consider setting the 'logging.level.web' property to 'DEBUG'
2024-03-13T08:23:10.435+09:00  INFO 13420 --- [ch07] [restartedMain] .s.d.r.c.RepositoryConfigurationDelegate : Bootstrapping Spring Data JPA repositories in DEFAULT mode.
2024-03-13T08:23:10.494+09:00  INFO 13420 --- [ch07] [restartedMain] .s.d.r.c.RepositoryConfigurationDelegate : Finished Spring Data repository scanning in 55 ms. Found 13 JPA repository interfaces.
2024-03-13T08:23:10.875+09:00  INFO 13420 --- [ch07] [restartedMain] o.s.b.w.embedded.tomcat.TomcatWebServer  : Tomcat initialized with port 8080 (http)
2024-03-13T08:23:10.883+09:00  INFO 13420 --- [ch07] [restartedMain] o.apache.catalina.core.StandardService   : Starting service [Tomcat]
2024-03-13T08:23:10.883+09:00  INFO 13420 --- [ch07] [restartedMain] o.apache.catalina.core.StandardEngine    : Starting Servlet engine: [Apache Tomcat/10.1.19]
2024-03-13T08:23:10.913+09:00  INFO 13420 --- [ch07] [restartedMain] o.a.c.c.C.[Tomcat].[localhost].[/ch07]   : Initializing Spring embedded WebApplicationContext
2024-03-13T08:23:10.914+09:00  INFO 13420 --- [ch07] [restartedMain] w.s.c.ServletWebServerApplicationContext : Root WebApplicationContext: initialization completed in 844 ms
2024-03-13T08:23:11.007+09:00  INFO 13420 --- [ch07] [restartedMain] o.hibernate.jpa.internal.util.LogHelper  : HHH000204: Processing PersistenceUnitInfo [name: default]
2024-03-13T08:23:11.053+09:00  INFO 13420 --- [ch07] [restartedMain] org.hibernate.Version                    : HHH000412: Hibernate ORM core version 6.4.4.Final
2024-03-13T08:23:11.076+09:00  INFO 13420 --- [ch07] [restartedMain] o.h.c.internal.RegionFactoryInitiator    : HHH000026: Second-level cache disabled
2024-03-13T08:23:11.238+09:00  INFO 13420 --- [ch07] [restartedMain] o.s.o.j.p.SpringPersistenceUnitInfo      : No LoadTimeWeaver setup: ignoring JPA class transformer
2024-03-13T08:23:11.262+09:00  INFO 13420 --- [ch07] [restartedMain] com.zaxxer.hikari.HikariDataSource       : HikariPool-1 - Starting...
2024-03-13T08:23:11.485+09:00  INFO 13420 --- [ch07] [restartedMain] com.zaxxer.hikari.pool.HikariPool        : HikariPool-1 - Added connection com.mysql.cj.jdbc.ConnectionImpl@361c8ba
2024-03-13T08:23:11.487+09:00  INFO 13420 --- [ch07] [restartedMain] com.zaxxer.hikari.HikariDataSource       : HikariPool-1 - Start completed.
2024-03-13T08:23:11.519+09:00  WARN 13420 --- [ch07] [restartedMain] org.hibernate.orm.deprecation            : HHH90000025: MySQLDialect does not need to be specified explicitly using 'hibernate.dialect' (remove the property setting and it will be selected by default)
2024-03-13T08:23:12.223+09:00  INFO 13420 --- [ch07] [restartedMain] o.h.e.t.j.p.i.JtaPlatformInitiator       : HHH000489: No JTA platform available (set 'hibernate.transaction.jta.platform' to enable JTA platform integration)
2024-03-13T08:23:12.288+09:00  INFO 13420 --- [ch07] [restartedMain] j.LocalContainerEntityManagerFactoryBean : Initialized JPA EntityManagerFactory for persistence unit 'default'
2024-03-13T08:23:12.527+09:00  INFO 13420 --- [ch07] [restartedMain] o.s.d.j.r.query.QueryEnhancerFactory     : Hibernate is in classpath; If applicable, HQL parser will be used.
2024-03-13T08:23:12.815+09:00  WARN 13420 --- [ch07] [restartedMain] JpaBaseConfiguration$JpaWebConfiguration : spring.jpa.open-in-view is enabled by default. Therefore, database queries may be performed during view rendering. Explicitly configure spring.jpa.open-in-view to disable this warning
2024-03-13T08:23:12.828+09:00  INFO 13420 --- [ch07] [restartedMain] o.s.b.a.w.s.WelcomePageHandlerMapping    : Adding welcome page template: index
2024-03-13T08:23:13.099+09:00  INFO 13420 --- [ch07] [restartedMain] o.s.b.d.a.OptionalLiveReloadServer       : LiveReload server is running on port 35729
2024-03-13T08:23:13.121+09:00  INFO 13420 --- [ch07] [restartedMain] o.s.b.w.embedded.tomcat.TomcatWebServer  : Tomcat started on port 8080 (http) with context path '/ch07'
2024-03-13T08:23:13.126+09:00  INFO 13420 --- [ch07] [restartedMain] kr.co.ch07.Ch07Application               : Started Ch07Application in 3.292 seconds (process running for 3.618)
2024-03-13T08:23:50.671+09:00  INFO 13420 --- [ch07] [http-nio-8080-exec-1] o.a.c.c.C.[Tomcat].[localhost].[/ch07]   : Initializing Spring DispatcherServlet 'dispatcherServlet'
2024-03-13T08:23:50.671+09:00  INFO 13420 --- [ch07] [http-nio-8080-exec-1] o.s.web.servlet.DispatcherServlet        : Initializing Servlet 'dispatcherServlet'
2024-03-13T08:23:50.672+09:00  INFO 13420 --- [ch07] [http-nio-8080-exec-1] o.s.web.servlet.DispatcherServlet        : Completed initialization in 1 ms
2024-03-13T08:23:50.742+09:00  INFO 13420 --- [ch07] [http-nio-8080-exec-1] kr.co.ch07.controller.User1Controller    : []
2024-03-13T08:23:55.100+09:00  INFO 13420 --- [ch07] [http-nio-8080-exec-5] kr.co.ch07.controller.User1Controller    : []
2024-03-13T08:27:22.871+09:00  WARN 13420 --- [ch07] [http-nio-8080-exec-1] .w.s.m.s.DefaultHandlerExceptionResolver : Resolved [org.springframework.web.bind.MethodArgumentNotValidException: Validation failed for argument [0] in public java.lang.String kr.co.ch07.controller.User5Controller.register(kr.co.ch07.dto.User5DTO): [Field error in object 'user5DTO' on field 'seq': rejected value [null]; codes [typeMismatch.user5DTO.seq,typeMismatch.seq,typeMismatch.int,typeMismatch]; arguments [org.springframework.context.support.DefaultMessageSourceResolvable: codes [user5DTO.seq,seq]; arguments []; default message [seq]]; default message [Failed to convert value of type 'null' to required type 'int'; Failed to convert from type [null] to type [int] for value [null]]] ]
2024-03-13T08:28:59.921+09:00  INFO 13420 --- [ch07] [File Watcher] rtingClassPathChangeChangedEventListener : Restarting due to 7 class path changes (0 additions, 7 deletions, 0 modifications)
2024-03-13T08:28:59.932+09:00  INFO 13420 --- [ch07] [Thread-5] j.LocalContainerEntityManagerFactoryBean : Closing JPA EntityManagerFactory for persistence unit 'default'
2024-03-13T08:28:59.935+09:00  INFO 13420 --- [ch07] [Thread-5] com.zaxxer.hikari.HikariDataSource       : HikariPool-1 - Shutdown initiated...
2024-03-13T08:28:59.941+09:00  INFO 13420 --- [ch07] [Thread-5] com.zaxxer.hikari.HikariDataSource       : HikariPool-1 - Shutdown completed.
2024-03-13T08:29:00.003+09:00  INFO 13420 --- [ch07] [restartedMain] kr.co.ch07.Ch07Application               : Starting Ch07Application using Java 17.0.9 with PID 13420 (C:\Users\java\Desktop\workspace\Spring\ch07\build\classes\java\main started by java in C:\Users\java\Desktop\workspace\Spring\ch07)
2024-03-13T08:29:00.003+09:00  INFO 13420 --- [ch07] [restartedMain] kr.co.ch07.Ch07Application               : No active profile set, falling back to 1 default profile: "default"
2024-03-13T08:29:00.257+09:00  INFO 13420 --- [ch07] [restartedMain] .s.d.r.c.RepositoryConfigurationDelegate : Bootstrapping Spring Data JPA repositories in DEFAULT mode.
2024-03-13T08:29:00.271+09:00  INFO 13420 --- [ch07] [restartedMain] .s.d.r.c.RepositoryConfigurationDelegate : Finished Spring Data repository scanning in 14 ms. Found 13 JPA repository interfaces.
2024-03-13T08:29:00.323+09:00  INFO 13420 --- [ch07] [restartedMain] o.s.b.w.embedded.tomcat.TomcatWebServer  : Tomcat initialized with port 8080 (http)
2024-03-13T08:29:00.324+09:00  INFO 13420 --- [ch07] [restartedMain] o.apache.catalina.core.StandardService   : Starting service [Tomcat]
2024-03-13T08:29:00.324+09:00  INFO 13420 --- [ch07] [restartedMain] o.apache.catalina.core.StandardEngine    : Starting Servlet engine: [Apache Tomcat/10.1.19]
2024-03-13T08:29:00.331+09:00  INFO 13420 --- [ch07] [restartedMain] o.a.c.c.C.[Tomcat].[localhost].[/ch07]   : Initializing Spring embedded WebApplicationContext
2024-03-13T08:29:00.331+09:00  INFO 13420 --- [ch07] [restartedMain] w.s.c.ServletWebServerApplicationContext : Root WebApplicationContext: initialization completed in 327 ms
2024-03-13T08:29:00.354+09:00  INFO 13420 --- [ch07] [restartedMain] o.hibernate.jpa.internal.util.LogHelper  : HHH000204: Processing PersistenceUnitInfo [name: default]
2024-03-13T08:29:00.357+09:00  INFO 13420 --- [ch07] [restartedMain] o.h.c.internal.RegionFactoryInitiator    : HHH000026: Second-level cache disabled
2024-03-13T08:29:00.361+09:00  INFO 13420 --- [ch07] [restartedMain] o.s.o.j.p.SpringPersistenceUnitInfo      : No LoadTimeWeaver setup: ignoring JPA class transformer
2024-03-13T08:29:00.361+09:00  INFO 13420 --- [ch07] [restartedMain] com.zaxxer.hikari.HikariDataSource       : HikariPool-2 - Starting...
2024-03-13T08:29:00.370+09:00  INFO 13420 --- [ch07] [restartedMain] com.zaxxer.hikari.pool.HikariPool        : HikariPool-2 - Added connection com.mysql.cj.jdbc.ConnectionImpl@6f6270ef
2024-03-13T08:29:00.370+09:00  INFO 13420 --- [ch07] [restartedMain] com.zaxxer.hikari.HikariDataSource       : HikariPool-2 - Start completed.
2024-03-13T08:29:00.371+09:00  WARN 13420 --- [ch07] [restartedMain] org.hibernate.orm.deprecation            : HHH90000025: MySQLDialect does not need to be specified explicitly using 'hibernate.dialect' (remove the property setting and it will be selected by default)
2024-03-13T08:29:00.440+09:00  INFO 13420 --- [ch07] [restartedMain] o.h.e.t.j.p.i.JtaPlatformInitiator       : HHH000489: No JTA platform available (set 'hibernate.transaction.jta.platform' to enable JTA platform integration)
2024-03-13T08:29:00.530+09:00  INFO 13420 --- [ch07] [restartedMain] j.LocalContainerEntityManagerFactoryBean : Initialized JPA EntityManagerFactory for persistence unit 'default'
2024-03-13T08:29:00.651+09:00  WARN 13420 --- [ch07] [restartedMain] JpaBaseConfiguration$JpaWebConfiguration : spring.jpa.open-in-view is enabled by default. Therefore, database queries may be performed during view rendering. Explicitly configure spring.jpa.open-in-view to disable this warning
2024-03-13T08:29:00.655+09:00  INFO 13420 --- [ch07] [restartedMain] o.s.b.a.w.s.WelcomePageHandlerMapping    : Adding welcome page template: index
2024-03-13T08:29:00.771+09:00  INFO 13420 --- [ch07] [restartedMain] o.s.b.d.a.OptionalLiveReloadServer       : LiveReload server is running on port 35729
2024-03-13T08:29:00.777+09:00  INFO 13420 --- [ch07] [restartedMain] o.s.b.w.embedded.tomcat.TomcatWebServer  : Tomcat started on port 8080 (http) with context path '/ch07'
2024-03-13T08:29:00.780+09:00  INFO 13420 --- [ch07] [restartedMain] kr.co.ch07.Ch07Application               : Started Ch07Application in 0.795 seconds (process running for 351.271)
2024-03-13T08:29:00.781+09:00  INFO 13420 --- [ch07] [restartedMain] .ConditionEvaluationDeltaLoggingListener : Condition evaluation unchanged
2024-03-13T08:29:02.207+09:00  INFO 13420 --- [ch07] [File Watcher] rtingClassPathChangeChangedEventListener : Restarting due to 7 class path changes (7 additions, 0 deletions, 0 modifications)
2024-03-13T08:29:02.219+09:00  INFO 13420 --- [ch07] [Thread-7] j.LocalContainerEntityManagerFactoryBean : Closing JPA EntityManagerFactory for persistence unit 'default'
2024-03-13T08:29:02.220+09:00  INFO 13420 --- [ch07] [Thread-7] com.zaxxer.hikari.HikariDataSource       : HikariPool-2 - Shutdown initiated...
2024-03-13T08:29:02.224+09:00  INFO 13420 --- [ch07] [Thread-7] com.zaxxer.hikari.HikariDataSource       : HikariPool-2 - Shutdown completed.
2024-03-13T08:29:02.270+09:00  INFO 13420 --- [ch07] [restartedMain] kr.co.ch07.Ch07Application               : Starting Ch07Application using Java 17.0.9 with PID 13420 (C:\Users\java\Desktop\workspace\Spring\ch07\build\classes\java\main started by java in C:\Users\java\Desktop\workspace\Spring\ch07)
2024-03-13T08:29:02.270+09:00  INFO 13420 --- [ch07] [restartedMain] kr.co.ch07.Ch07Application               : No active profile set, falling back to 1 default profile: "default"
2024-03-13T08:29:02.352+09:00  INFO 13420 --- [ch07] [restartedMain] .s.d.r.c.RepositoryConfigurationDelegate : Bootstrapping Spring Data JPA repositories in DEFAULT mode.
2024-03-13T08:29:02.364+09:00  INFO 13420 --- [ch07] [restartedMain] .s.d.r.c.RepositoryConfigurationDelegate : Finished Spring Data repository scanning in 12 ms. Found 13 JPA repository interfaces.
2024-03-13T08:29:02.407+09:00  INFO 13420 --- [ch07] [restartedMain] o.s.b.w.embedded.tomcat.TomcatWebServer  : Tomcat initialized with port 8080 (http)
2024-03-13T08:29:02.408+09:00  INFO 13420 --- [ch07] [restartedMain] o.apache.catalina.core.StandardService   : Starting service [Tomcat]
2024-03-13T08:29:02.408+09:00  INFO 13420 --- [ch07] [restartedMain] o.apache.catalina.core.StandardEngine    : Starting Servlet engine: [Apache Tomcat/10.1.19]
2024-03-13T08:29:02.420+09:00  INFO 13420 --- [ch07] [restartedMain] o.a.c.c.C.[Tomcat].[localhost].[/ch07]   : Initializing Spring embedded WebApplicationContext
2024-03-13T08:29:02.421+09:00  INFO 13420 --- [ch07] [restartedMain] w.s.c.ServletWebServerApplicationContext : Root WebApplicationContext: initialization completed in 149 ms
2024-03-13T08:29:02.442+09:00  INFO 13420 --- [ch07] [restartedMain] o.hibernate.jpa.internal.util.LogHelper  : HHH000204: Processing PersistenceUnitInfo [name: default]
2024-03-13T08:29:02.444+09:00  INFO 13420 --- [ch07] [restartedMain] o.h.c.internal.RegionFactoryInitiator    : HHH000026: Second-level cache disabled
2024-03-13T08:29:02.448+09:00  INFO 13420 --- [ch07] [restartedMain] o.s.o.j.p.SpringPersistenceUnitInfo      : No LoadTimeWeaver setup: ignoring JPA class transformer
2024-03-13T08:29:02.448+09:00  INFO 13420 --- [ch07] [restartedMain] com.zaxxer.hikari.HikariDataSource       : HikariPool-3 - Starting...
2024-03-13T08:29:02.457+09:00  INFO 13420 --- [ch07] [restartedMain] com.zaxxer.hikari.pool.HikariPool        : HikariPool-3 - Added connection com.mysql.cj.jdbc.ConnectionImpl@272682fc
2024-03-13T08:29:02.457+09:00  INFO 13420 --- [ch07] [restartedMain] com.zaxxer.hikari.HikariDataSource       : HikariPool-3 - Start completed.
2024-03-13T08:29:02.457+09:00  WARN 13420 --- [ch07] [restartedMain] org.hibernate.orm.deprecation            : HHH90000025: MySQLDialect does not need to be specified explicitly using 'hibernate.dialect' (remove the property setting and it will be selected by default)
2024-03-13T08:29:02.538+09:00  INFO 13420 --- [ch07] [restartedMain] o.h.e.t.j.p.i.JtaPlatformInitiator       : HHH000489: No JTA platform available (set 'hibernate.transaction.jta.platform' to enable JTA platform integration)
2024-03-13T08:29:02.574+09:00  INFO 13420 --- [ch07] [restartedMain] j.LocalContainerEntityManagerFactoryBean : Initialized JPA EntityManagerFactory for persistence unit 'default'
2024-03-13T08:29:02.675+09:00  WARN 13420 --- [ch07] [restartedMain] JpaBaseConfiguration$JpaWebConfiguration : spring.jpa.open-in-view is enabled by default. Therefore, database queries may be performed during view rendering. Explicitly configure spring.jpa.open-in-view to disable this warning
2024-03-13T08:29:02.679+09:00  INFO 13420 --- [ch07] [restartedMain] o.s.b.a.w.s.WelcomePageHandlerMapping    : Adding welcome page template: index
2024-03-13T08:29:02.780+09:00  INFO 13420 --- [ch07] [restartedMain] o.s.b.d.a.OptionalLiveReloadServer       : LiveReload server is running on port 35729
2024-03-13T08:29:02.786+09:00  INFO 13420 --- [ch07] [restartedMain] o.s.b.w.embedded.tomcat.TomcatWebServer  : Tomcat started on port 8080 (http) with context path '/ch07'
2024-03-13T08:29:02.788+09:00  INFO 13420 --- [ch07] [restartedMain] kr.co.ch07.Ch07Application               : Started Ch07Application in 0.53 seconds (process running for 353.28)
2024-03-13T08:29:02.789+09:00  INFO 13420 --- [ch07] [restartedMain] .ConditionEvaluationDeltaLoggingListener : Condition evaluation unchanged
2024-03-13T08:29:11.434+09:00  INFO 13420 --- [ch07] [File Watcher] rtingClassPathChangeChangedEventListener : Restarting due to 7 class path changes (0 additions, 0 deletions, 7 modifications)
2024-03-13T08:29:11.439+09:00  INFO 13420 --- [ch07] [Thread-11] j.LocalContainerEntityManagerFactoryBean : Closing JPA EntityManagerFactory for persistence unit 'default'
2024-03-13T08:29:11.439+09:00  INFO 13420 --- [ch07] [Thread-11] com.zaxxer.hikari.HikariDataSource       : HikariPool-3 - Shutdown initiated...
2024-03-13T08:29:11.441+09:00  INFO 13420 --- [ch07] [Thread-11] com.zaxxer.hikari.HikariDataSource       : HikariPool-3 - Shutdown completed.
2024-03-13T08:29:11.482+09:00  INFO 13420 --- [ch07] [restartedMain] kr.co.ch07.Ch07Application               : Starting Ch07Application using Java 17.0.9 with PID 13420 (C:\Users\java\Desktop\workspace\Spring\ch07\build\classes\java\main started by java in C:\Users\java\Desktop\workspace\Spring\ch07)
2024-03-13T08:29:11.482+09:00  INFO 13420 --- [ch07] [restartedMain] kr.co.ch07.Ch07Application               : No active profile set, falling back to 1 default profile: "default"
2024-03-13T08:29:11.563+09:00  INFO 13420 --- [ch07] [restartedMain] .s.d.r.c.RepositoryConfigurationDelegate : Bootstrapping Spring Data JPA repositories in DEFAULT mode.
2024-03-13T08:29:11.575+09:00  INFO 13420 --- [ch07] [restartedMain] .s.d.r.c.RepositoryConfigurationDelegate : Finished Spring Data repository scanning in 12 ms. Found 13 JPA repository interfaces.
2024-03-13T08:29:11.618+09:00  INFO 13420 --- [ch07] [restartedMain] o.s.b.w.embedded.tomcat.TomcatWebServer  : Tomcat initialized with port 8080 (http)
2024-03-13T08:29:11.619+09:00  INFO 13420 --- [ch07] [restartedMain] o.apache.catalina.core.StandardService   : Starting service [Tomcat]
2024-03-13T08:29:11.619+09:00  INFO 13420 --- [ch07] [restartedMain] o.apache.catalina.core.StandardEngine    : Starting Servlet engine: [Apache Tomcat/10.1.19]
2024-03-13T08:29:11.626+09:00  INFO 13420 --- [ch07] [restartedMain] o.a.c.c.C.[Tomcat].[localhost].[/ch07]   : Initializing Spring embedded WebApplicationContext
2024-03-13T08:29:11.626+09:00  INFO 13420 --- [ch07] [restartedMain] w.s.c.ServletWebServerApplicationContext : Root WebApplicationContext: initialization completed in 143 ms
2024-03-13T08:29:11.644+09:00  INFO 13420 --- [ch07] [restartedMain] o.hibernate.jpa.internal.util.LogHelper  : HHH000204: Processing PersistenceUnitInfo [name: default]
2024-03-13T08:29:11.646+09:00  INFO 13420 --- [ch07] [restartedMain] o.h.c.internal.RegionFactoryInitiator    : HHH000026: Second-level cache disabled
2024-03-13T08:29:11.650+09:00  INFO 13420 --- [ch07] [restartedMain] o.s.o.j.p.SpringPersistenceUnitInfo      : No LoadTimeWeaver setup: ignoring JPA class transformer
2024-03-13T08:29:11.651+09:00  INFO 13420 --- [ch07] [restartedMain] com.zaxxer.hikari.HikariDataSource       : HikariPool-4 - Starting...
2024-03-13T08:29:11.658+09:00  INFO 13420 --- [ch07] [restartedMain] com.zaxxer.hikari.pool.HikariPool        : HikariPool-4 - Added connection com.mysql.cj.jdbc.ConnectionImpl@3f77b6ba
2024-03-13T08:29:11.659+09:00  INFO 13420 --- [ch07] [restartedMain] com.zaxxer.hikari.HikariDataSource       : HikariPool-4 - Start completed.
2024-03-13T08:29:11.659+09:00  WARN 13420 --- [ch07] [restartedMain] org.hibernate.orm.deprecation            : HHH90000025: MySQLDialect does not need to be specified explicitly using 'hibernate.dialect' (remove the property setting and it will be selected by default)
2024-03-13T08:29:11.719+09:00  INFO 13420 --- [ch07] [restartedMain] o.h.e.t.j.p.i.JtaPlatformInitiator       : HHH000489: No JTA platform available (set 'hibernate.transaction.jta.platform' to enable JTA platform integration)
2024-03-13T08:29:11.758+09:00  INFO 13420 --- [ch07] [restartedMain] j.LocalContainerEntityManagerFactoryBean : Initialized JPA EntityManagerFactory for persistence unit 'default'
2024-03-13T08:29:11.857+09:00  WARN 13420 --- [ch07] [restartedMain] JpaBaseConfiguration$JpaWebConfiguration : spring.jpa.open-in-view is enabled by default. Therefore, database queries may be performed during view rendering. Explicitly configure spring.jpa.open-in-view to disable this warning
2024-03-13T08:29:11.860+09:00  INFO 13420 --- [ch07] [restartedMain] o.s.b.a.w.s.WelcomePageHandlerMapping    : Adding welcome page template: index
2024-03-13T08:29:11.965+09:00  INFO 13420 --- [ch07] [restartedMain] o.s.b.d.a.OptionalLiveReloadServer       : LiveReload server is running on port 35729
2024-03-13T08:29:11.971+09:00  INFO 13420 --- [ch07] [restartedMain] o.s.b.w.embedded.tomcat.TomcatWebServer  : Tomcat started on port 8080 (http) with context path '/ch07'
2024-03-13T08:29:11.973+09:00  INFO 13420 --- [ch07] [restartedMain] kr.co.ch07.Ch07Application               : Started Ch07Application in 0.502 seconds (process running for 362.464)
2024-03-13T08:29:11.974+09:00  INFO 13420 --- [ch07] [restartedMain] .ConditionEvaluationDeltaLoggingListener : Condition evaluation unchanged
2024-03-13T08:35:08.554+09:00  INFO 13420 --- [ch07] [SpringApplicationShutdownHook] j.LocalContainerEntityManagerFactoryBean : Closing JPA EntityManagerFactory for persistence unit 'default'
2024-03-13T08:35:08.554+09:00  INFO 13420 --- [ch07] [SpringApplicationShutdownHook] com.zaxxer.hikari.HikariDataSource       : HikariPool-4 - Shutdown initiated...
2024-03-13T08:35:08.556+09:00  INFO 13420 --- [ch07] [SpringApplicationShutdownHook] com.zaxxer.hikari.HikariDataSource       : HikariPool-4 - Shutdown completed.
2024-03-13T08:35:10.346+09:00  INFO 12696 --- [ch07] [restartedMain] kr.co.ch07.Ch07Application               : Starting Ch07Application using Java 17.0.9 with PID 12696 (C:\Users\java\Desktop\workspace\Spring\ch07\build\classes\java\main started by java in C:\Users\java\Desktop\workspace\Spring\ch07)
2024-03-13T08:35:10.347+09:00  INFO 12696 --- [ch07] [restartedMain] kr.co.ch07.Ch07Application               : No active profile set, falling back to 1 default profile: "default"
2024-03-13T08:35:10.368+09:00  INFO 12696 --- [ch07] [restartedMain] .e.DevToolsPropertyDefaultsPostProcessor : Devtools property defaults active! Set 'spring.devtools.add-properties' to 'false' to disable
2024-03-13T08:35:10.368+09:00  INFO 12696 --- [ch07] [restartedMain] .e.DevToolsPropertyDefaultsPostProcessor : For additional web related logging consider setting the 'logging.level.web' property to 'DEBUG'
2024-03-13T08:35:10.691+09:00  INFO 12696 --- [ch07] [restartedMain] .s.d.r.c.RepositoryConfigurationDelegate : Bootstrapping Spring Data JPA repositories in DEFAULT mode.
2024-03-13T08:35:10.738+09:00  INFO 12696 --- [ch07] [restartedMain] .s.d.r.c.RepositoryConfigurationDelegate : Finished Spring Data repository scanning in 41 ms. Found 13 JPA repository interfaces.
2024-03-13T08:35:11.014+09:00  INFO 12696 --- [ch07] [restartedMain] o.s.b.w.embedded.tomcat.TomcatWebServer  : Tomcat initialized with port 8080 (http)
2024-03-13T08:35:11.020+09:00  INFO 12696 --- [ch07] [restartedMain] o.apache.catalina.core.StandardService   : Starting service [Tomcat]
2024-03-13T08:35:11.020+09:00  INFO 12696 --- [ch07] [restartedMain] o.apache.catalina.core.StandardEngine    : Starting Servlet engine: [Apache Tomcat/10.1.19]
2024-03-13T08:35:11.046+09:00  INFO 12696 --- [ch07] [restartedMain] o.a.c.c.C.[Tomcat].[localhost].[/ch07]   : Initializing Spring embedded WebApplicationContext
2024-03-13T08:35:11.046+09:00  INFO 12696 --- [ch07] [restartedMain] w.s.c.ServletWebServerApplicationContext : Root WebApplicationContext: initialization completed in 678 ms
2024-03-13T08:35:11.126+09:00  INFO 12696 --- [ch07] [restartedMain] o.hibernate.jpa.internal.util.LogHelper  : HHH000204: Processing PersistenceUnitInfo [name: default]
2024-03-13T08:35:11.152+09:00  INFO 12696 --- [ch07] [restartedMain] org.hibernate.Version                    : HHH000412: Hibernate ORM core version 6.4.4.Final
2024-03-13T08:35:11.168+09:00  INFO 12696 --- [ch07] [restartedMain] o.h.c.internal.RegionFactoryInitiator    : HHH000026: Second-level cache disabled
2024-03-13T08:35:11.291+09:00  INFO 12696 --- [ch07] [restartedMain] o.s.o.j.p.SpringPersistenceUnitInfo      : No LoadTimeWeaver setup: ignoring JPA class transformer
2024-03-13T08:35:11.305+09:00  INFO 12696 --- [ch07] [restartedMain] com.zaxxer.hikari.HikariDataSource       : HikariPool-1 - Starting...
2024-03-13T08:35:11.442+09:00  INFO 12696 --- [ch07] [restartedMain] com.zaxxer.hikari.pool.HikariPool        : HikariPool-1 - Added connection com.mysql.cj.jdbc.ConnectionImpl@6c0bc2f2
2024-03-13T08:35:11.443+09:00  INFO 12696 --- [ch07] [restartedMain] com.zaxxer.hikari.HikariDataSource       : HikariPool-1 - Start completed.
2024-03-13T08:35:11.473+09:00  WARN 12696 --- [ch07] [restartedMain] org.hibernate.orm.deprecation            : HHH90000025: MySQLDialect does not need to be specified explicitly using 'hibernate.dialect' (remove the property setting and it will be selected by default)
2024-03-13T08:35:12.013+09:00  INFO 12696 --- [ch07] [restartedMain] o.h.e.t.j.p.i.JtaPlatformInitiator       : HHH000489: No JTA platform available (set 'hibernate.transaction.jta.platform' to enable JTA platform integration)
2024-03-13T08:35:12.071+09:00  INFO 12696 --- [ch07] [restartedMain] j.LocalContainerEntityManagerFactoryBean : Initialized JPA EntityManagerFactory for persistence unit 'default'
2024-03-13T08:35:12.250+09:00  INFO 12696 --- [ch07] [restartedMain] o.s.d.j.r.query.QueryEnhancerFactory     : Hibernate is in classpath; If applicable, HQL parser will be used.
2024-03-13T08:35:12.494+09:00  WARN 12696 --- [ch07] [restartedMain] JpaBaseConfiguration$JpaWebConfiguration : spring.jpa.open-in-view is enabled by default. Therefore, database queries may be performed during view rendering. Explicitly configure spring.jpa.open-in-view to disable this warning
2024-03-13T08:35:12.505+09:00  INFO 12696 --- [ch07] [restartedMain] o.s.b.a.w.s.WelcomePageHandlerMapping    : Adding welcome page template: index
2024-03-13T08:35:12.758+09:00  INFO 12696 --- [ch07] [restartedMain] o.s.b.d.a.OptionalLiveReloadServer       : LiveReload server is running on port 35729
2024-03-13T08:35:12.777+09:00  INFO 12696 --- [ch07] [restartedMain] o.s.b.w.embedded.tomcat.TomcatWebServer  : Tomcat started on port 8080 (http) with context path '/ch07'
2024-03-13T08:35:12.782+09:00  INFO 12696 --- [ch07] [restartedMain] kr.co.ch07.Ch07Application               : Started Ch07Application in 2.624 seconds (process running for 2.916)
2024-03-13T08:35:19.737+09:00  INFO 12696 --- [ch07] [http-nio-8080-exec-2] o.a.c.c.C.[Tomcat].[localhost].[/ch07]   : Initializing Spring DispatcherServlet 'dispatcherServlet'
2024-03-13T08:35:19.737+09:00  INFO 12696 --- [ch07] [http-nio-8080-exec-2] o.s.web.servlet.DispatcherServlet        : Initializing Servlet 'dispatcherServlet'
2024-03-13T08:35:19.738+09:00  INFO 12696 --- [ch07] [http-nio-8080-exec-2] o.s.web.servlet.DispatcherServlet        : Completed initialization in 1 ms
2024-03-13T08:35:33.003+09:00  WARN 12696 --- [ch07] [http-nio-8080-exec-5] .w.s.m.s.DefaultHandlerExceptionResolver : Resolved [org.springframework.web.bind.MethodArgumentNotValidException: Validation failed for argument [0] in public java.lang.String kr.co.ch07.controller.User5Controller.register(kr.co.ch07.dto.User5DTO): [Field error in object 'user5DTO' on field 'seq': rejected value [null]; codes [typeMismatch.user5DTO.seq,typeMismatch.seq,typeMismatch.int,typeMismatch]; arguments [org.springframework.context.support.DefaultMessageSourceResolvable: codes [user5DTO.seq,seq]; arguments []; default message [seq]]; default message [Failed to convert value of type 'null' to required type 'int'; Failed to convert from type [null] to type [int] for value [null]]] ]
2024-03-13T08:39:43.965+09:00  INFO 12696 --- [ch07] [SpringApplicationShutdownHook] j.LocalContainerEntityManagerFactoryBean : Closing JPA EntityManagerFactory for persistence unit 'default'
2024-03-13T08:39:43.983+09:00  INFO 12696 --- [ch07] [SpringApplicationShutdownHook] com.zaxxer.hikari.HikariDataSource       : HikariPool-1 - Shutdown initiated...
2024-03-13T08:39:43.989+09:00  INFO 12696 --- [ch07] [SpringApplicationShutdownHook] com.zaxxer.hikari.HikariDataSource       : HikariPool-1 - Shutdown completed.
2024-03-13T08:39:45.722+09:00  INFO 9864 --- [ch07] [restartedMain] kr.co.ch07.Ch07Application               : Starting Ch07Application using Java 17.0.9 with PID 9864 (C:\Users\java\Desktop\workspace\Spring\ch07\build\classes\java\main started by java in C:\Users\java\Desktop\workspace\Spring\ch07)
2024-03-13T08:39:45.723+09:00  INFO 9864 --- [ch07] [restartedMain] kr.co.ch07.Ch07Application               : No active profile set, falling back to 1 default profile: "default"
2024-03-13T08:39:45.747+09:00  INFO 9864 --- [ch07] [restartedMain] .e.DevToolsPropertyDefaultsPostProcessor : Devtools property defaults active! Set 'spring.devtools.add-properties' to 'false' to disable
2024-03-13T08:39:45.747+09:00  INFO 9864 --- [ch07] [restartedMain] .e.DevToolsPropertyDefaultsPostProcessor : For additional web related logging consider setting the 'logging.level.web' property to 'DEBUG'
2024-03-13T08:39:46.071+09:00  INFO 9864 --- [ch07] [restartedMain] .s.d.r.c.RepositoryConfigurationDelegate : Bootstrapping Spring Data JPA repositories in DEFAULT mode.
2024-03-13T08:39:46.112+09:00  INFO 9864 --- [ch07] [restartedMain] .s.d.r.c.RepositoryConfigurationDelegate : Finished Spring Data repository scanning in 35 ms. Found 13 JPA repository interfaces.
2024-03-13T08:39:46.384+09:00  INFO 9864 --- [ch07] [restartedMain] o.s.b.w.embedded.tomcat.TomcatWebServer  : Tomcat initialized with port 8080 (http)
2024-03-13T08:39:46.390+09:00  INFO 9864 --- [ch07] [restartedMain] o.apache.catalina.core.StandardService   : Starting service [Tomcat]
2024-03-13T08:39:46.390+09:00  INFO 9864 --- [ch07] [restartedMain] o.apache.catalina.core.StandardEngine    : Starting Servlet engine: [Apache Tomcat/10.1.19]
2024-03-13T08:39:46.415+09:00  INFO 9864 --- [ch07] [restartedMain] o.a.c.c.C.[Tomcat].[localhost].[/ch07]   : Initializing Spring embedded WebApplicationContext
2024-03-13T08:39:46.415+09:00  INFO 9864 --- [ch07] [restartedMain] w.s.c.ServletWebServerApplicationContext : Root WebApplicationContext: initialization completed in 668 ms
2024-03-13T08:39:46.496+09:00  INFO 9864 --- [ch07] [restartedMain] o.hibernate.jpa.internal.util.LogHelper  : HHH000204: Processing PersistenceUnitInfo [name: default]
2024-03-13T08:39:46.521+09:00  INFO 9864 --- [ch07] [restartedMain] org.hibernate.Version                    : HHH000412: Hibernate ORM core version 6.4.4.Final
2024-03-13T08:39:46.538+09:00  INFO 9864 --- [ch07] [restartedMain] o.h.c.internal.RegionFactoryInitiator    : HHH000026: Second-level cache disabled
2024-03-13T08:39:46.658+09:00  INFO 9864 --- [ch07] [restartedMain] o.s.o.j.p.SpringPersistenceUnitInfo      : No LoadTimeWeaver setup: ignoring JPA class transformer
2024-03-13T08:39:46.672+09:00  INFO 9864 --- [ch07] [restartedMain] com.zaxxer.hikari.HikariDataSource       : HikariPool-1 - Starting...
2024-03-13T08:39:46.810+09:00  INFO 9864 --- [ch07] [restartedMain] com.zaxxer.hikari.pool.HikariPool        : HikariPool-1 - Added connection com.mysql.cj.jdbc.ConnectionImpl@36021ef6
2024-03-13T08:39:46.811+09:00  INFO 9864 --- [ch07] [restartedMain] com.zaxxer.hikari.HikariDataSource       : HikariPool-1 - Start completed.
2024-03-13T08:39:46.837+09:00  WARN 9864 --- [ch07] [restartedMain] org.hibernate.orm.deprecation            : HHH90000025: MySQLDialect does not need to be specified explicitly using 'hibernate.dialect' (remove the property setting and it will be selected by default)
2024-03-13T08:39:47.400+09:00  INFO 9864 --- [ch07] [restartedMain] o.h.e.t.j.p.i.JtaPlatformInitiator       : HHH000489: No JTA platform available (set 'hibernate.transaction.jta.platform' to enable JTA platform integration)
2024-03-13T08:39:47.453+09:00  INFO 9864 --- [ch07] [restartedMain] j.LocalContainerEntityManagerFactoryBean : Initialized JPA EntityManagerFactory for persistence unit 'default'
2024-03-13T08:39:47.625+09:00  INFO 9864 --- [ch07] [restartedMain] o.s.d.j.r.query.QueryEnhancerFactory     : Hibernate is in classpath; If applicable, HQL parser will be used.
2024-03-13T08:39:47.865+09:00  WARN 9864 --- [ch07] [restartedMain] JpaBaseConfiguration$JpaWebConfiguration : spring.jpa.open-in-view is enabled by default. Therefore, database queries may be performed during view rendering. Explicitly configure spring.jpa.open-in-view to disable this warning
2024-03-13T08:39:47.875+09:00  INFO 9864 --- [ch07] [restartedMain] o.s.b.a.w.s.WelcomePageHandlerMapping    : Adding welcome page template: index
2024-03-13T08:39:48.125+09:00  INFO 9864 --- [ch07] [restartedMain] o.s.b.d.a.OptionalLiveReloadServer       : LiveReload server is running on port 35729
2024-03-13T08:39:48.144+09:00  INFO 9864 --- [ch07] [restartedMain] o.s.b.w.embedded.tomcat.TomcatWebServer  : Tomcat started on port 8080 (http) with context path '/ch07'
2024-03-13T08:39:48.149+09:00  INFO 9864 --- [ch07] [restartedMain] kr.co.ch07.Ch07Application               : Started Ch07Application in 2.615 seconds (process running for 2.911)
2024-03-13T08:40:01.673+09:00  INFO 9864 --- [ch07] [http-nio-8080-exec-2] o.a.c.c.C.[Tomcat].[localhost].[/ch07]   : Initializing Spring DispatcherServlet 'dispatcherServlet'
2024-03-13T08:40:01.673+09:00  INFO 9864 --- [ch07] [http-nio-8080-exec-2] o.s.web.servlet.DispatcherServlet        : Initializing Servlet 'dispatcherServlet'
2024-03-13T08:40:01.674+09:00  INFO 9864 --- [ch07] [http-nio-8080-exec-2] o.s.web.servlet.DispatcherServlet        : Completed initialization in 1 ms
2024-03-13T08:40:09.367+09:00  WARN 9864 --- [ch07] [http-nio-8080-exec-6] .w.s.m.s.DefaultHandlerExceptionResolver : Resolved [org.springframework.web.bind.MethodArgumentNotValidException: Validation failed for argument [0] in public java.lang.String kr.co.ch07.controller.User5Controller.register(kr.co.ch07.dto.User5DTO): [Field error in object 'user5DTO' on field 'seq': rejected value [null]; codes [typeMismatch.user5DTO.seq,typeMismatch.seq,typeMismatch.int,typeMismatch]; arguments [org.springframework.context.support.DefaultMessageSourceResolvable: codes [user5DTO.seq,seq]; arguments []; default message [seq]]; default message [Failed to convert value of type 'null' to required type 'int'; Failed to convert from type [null] to type [int] for value [null]]] ]
2024-03-13T08:40:29.838+09:00  INFO 9864 --- [ch07] [File Watcher] rtingClassPathChangeChangedEventListener : Restarting due to 1 class path change (0 additions, 0 deletions, 1 modification)
2024-03-13T08:40:29.851+09:00  INFO 9864 --- [ch07] [Thread-5] j.LocalContainerEntityManagerFactoryBean : Closing JPA EntityManagerFactory for persistence unit 'default'
2024-03-13T08:40:29.853+09:00  INFO 9864 --- [ch07] [Thread-5] com.zaxxer.hikari.HikariDataSource       : HikariPool-1 - Shutdown initiated...
2024-03-13T08:40:29.858+09:00  INFO 9864 --- [ch07] [Thread-5] com.zaxxer.hikari.HikariDataSource       : HikariPool-1 - Shutdown completed.
2024-03-13T08:40:29.903+09:00  INFO 9864 --- [ch07] [restartedMain] kr.co.ch07.Ch07Application               : Starting Ch07Application using Java 17.0.9 with PID 9864 (C:\Users\java\Desktop\workspace\Spring\ch07\build\classes\java\main started by java in C:\Users\java\Desktop\workspace\Spring\ch07)
2024-03-13T08:40:29.903+09:00  INFO 9864 --- [ch07] [restartedMain] kr.co.ch07.Ch07Application               : No active profile set, falling back to 1 default profile: "default"
2024-03-13T08:40:29.990+09:00  INFO 9864 --- [ch07] [restartedMain] .s.d.r.c.RepositoryConfigurationDelegate : Bootstrapping Spring Data JPA repositories in DEFAULT mode.
2024-03-13T08:40:30.003+09:00  INFO 9864 --- [ch07] [restartedMain] .s.d.r.c.RepositoryConfigurationDelegate : Finished Spring Data repository scanning in 12 ms. Found 13 JPA repository interfaces.
2024-03-13T08:40:30.044+09:00  INFO 9864 --- [ch07] [restartedMain] o.s.b.w.embedded.tomcat.TomcatWebServer  : Tomcat initialized with port 8080 (http)
2024-03-13T08:40:30.044+09:00  INFO 9864 --- [ch07] [restartedMain] o.apache.catalina.core.StandardService   : Starting service [Tomcat]
2024-03-13T08:40:30.044+09:00  INFO 9864 --- [ch07] [restartedMain] o.apache.catalina.core.StandardEngine    : Starting Servlet engine: [Apache Tomcat/10.1.19]
2024-03-13T08:40:30.052+09:00  INFO 9864 --- [ch07] [restartedMain] o.a.c.c.C.[Tomcat].[localhost].[/ch07]   : Initializing Spring embedded WebApplicationContext
2024-03-13T08:40:30.052+09:00  INFO 9864 --- [ch07] [restartedMain] w.s.c.ServletWebServerApplicationContext : Root WebApplicationContext: initialization completed in 148 ms
2024-03-13T08:40:30.070+09:00  INFO 9864 --- [ch07] [restartedMain] o.hibernate.jpa.internal.util.LogHelper  : HHH000204: Processing PersistenceUnitInfo [name: default]
2024-03-13T08:40:30.072+09:00  INFO 9864 --- [ch07] [restartedMain] o.h.c.internal.RegionFactoryInitiator    : HHH000026: Second-level cache disabled
2024-03-13T08:40:30.075+09:00  INFO 9864 --- [ch07] [restartedMain] o.s.o.j.p.SpringPersistenceUnitInfo      : No LoadTimeWeaver setup: ignoring JPA class transformer
2024-03-13T08:40:30.075+09:00  INFO 9864 --- [ch07] [restartedMain] com.zaxxer.hikari.HikariDataSource       : HikariPool-2 - Starting...
2024-03-13T08:40:30.083+09:00  INFO 9864 --- [ch07] [restartedMain] com.zaxxer.hikari.pool.HikariPool        : HikariPool-2 - Added connection com.mysql.cj.jdbc.ConnectionImpl@59c835f0
2024-03-13T08:40:30.083+09:00  INFO 9864 --- [ch07] [restartedMain] com.zaxxer.hikari.HikariDataSource       : HikariPool-2 - Start completed.
2024-03-13T08:40:30.084+09:00  WARN 9864 --- [ch07] [restartedMain] org.hibernate.orm.deprecation            : HHH90000025: MySQLDialect does not need to be specified explicitly using 'hibernate.dialect' (remove the property setting and it will be selected by default)
2024-03-13T08:40:30.149+09:00  INFO 9864 --- [ch07] [restartedMain] o.h.e.t.j.p.i.JtaPlatformInitiator       : HHH000489: No JTA platform available (set 'hibernate.transaction.jta.platform' to enable JTA platform integration)
2024-03-13T08:40:30.177+09:00  INFO 9864 --- [ch07] [restartedMain] j.LocalContainerEntityManagerFactoryBean : Initialized JPA EntityManagerFactory for persistence unit 'default'
2024-03-13T08:40:30.275+09:00  WARN 9864 --- [ch07] [restartedMain] JpaBaseConfiguration$JpaWebConfiguration : spring.jpa.open-in-view is enabled by default. Therefore, database queries may be performed during view rendering. Explicitly configure spring.jpa.open-in-view to disable this warning
2024-03-13T08:40:30.278+09:00  INFO 9864 --- [ch07] [restartedMain] o.s.b.a.w.s.WelcomePageHandlerMapping    : Adding welcome page template: index
2024-03-13T08:40:30.387+09:00  INFO 9864 --- [ch07] [restartedMain] o.s.b.d.a.OptionalLiveReloadServer       : LiveReload server is running on port 35729
2024-03-13T08:40:30.393+09:00  INFO 9864 --- [ch07] [restartedMain] o.s.b.w.embedded.tomcat.TomcatWebServer  : Tomcat started on port 8080 (http) with context path '/ch07'
2024-03-13T08:40:30.395+09:00  INFO 9864 --- [ch07] [restartedMain] kr.co.ch07.Ch07Application               : Started Ch07Application in 0.505 seconds (process running for 45.158)
2024-03-13T08:40:30.396+09:00  INFO 9864 --- [ch07] [restartedMain] .ConditionEvaluationDeltaLoggingListener : Condition evaluation unchanged
2024-03-13T08:42:30.638+09:00  INFO 9864 --- [ch07] [SpringApplicationShutdownHook] j.LocalContainerEntityManagerFactoryBean : Closing JPA EntityManagerFactory for persistence unit 'default'
2024-03-13T08:42:30.638+09:00  INFO 9864 --- [ch07] [SpringApplicationShutdownHook] com.zaxxer.hikari.HikariDataSource       : HikariPool-2 - Shutdown initiated...
2024-03-13T08:42:30.640+09:00  INFO 9864 --- [ch07] [SpringApplicationShutdownHook] com.zaxxer.hikari.HikariDataSource       : HikariPool-2 - Shutdown completed.
2024-03-13T08:42:32.479+09:00  INFO 1308 --- [ch07] [restartedMain] kr.co.ch07.Ch07Application               : Starting Ch07Application using Java 17.0.9 with PID 1308 (C:\Users\java\Desktop\workspace\Spring\ch07\build\classes\java\main started by java in C:\Users\java\Desktop\workspace\Spring\ch07)
2024-03-13T08:42:32.481+09:00  INFO 1308 --- [ch07] [restartedMain] kr.co.ch07.Ch07Application               : No active profile set, falling back to 1 default profile: "default"
2024-03-13T08:42:32.504+09:00  INFO 1308 --- [ch07] [restartedMain] .e.DevToolsPropertyDefaultsPostProcessor : Devtools property defaults active! Set 'spring.devtools.add-properties' to 'false' to disable
2024-03-13T08:42:32.504+09:00  INFO 1308 --- [ch07] [restartedMain] .e.DevToolsPropertyDefaultsPostProcessor : For additional web related logging consider setting the 'logging.level.web' property to 'DEBUG'
2024-03-13T08:42:32.841+09:00  INFO 1308 --- [ch07] [restartedMain] .s.d.r.c.RepositoryConfigurationDelegate : Bootstrapping Spring Data JPA repositories in DEFAULT mode.
2024-03-13T08:42:32.886+09:00  INFO 1308 --- [ch07] [restartedMain] .s.d.r.c.RepositoryConfigurationDelegate : Finished Spring Data repository scanning in 39 ms. Found 13 JPA repository interfaces.
2024-03-13T08:42:33.155+09:00  INFO 1308 --- [ch07] [restartedMain] o.s.b.w.embedded.tomcat.TomcatWebServer  : Tomcat initialized with port 8080 (http)
2024-03-13T08:42:33.161+09:00  INFO 1308 --- [ch07] [restartedMain] o.apache.catalina.core.StandardService   : Starting service [Tomcat]
2024-03-13T08:42:33.162+09:00  INFO 1308 --- [ch07] [restartedMain] o.apache.catalina.core.StandardEngine    : Starting Servlet engine: [Apache Tomcat/10.1.19]
2024-03-13T08:42:33.188+09:00  INFO 1308 --- [ch07] [restartedMain] o.a.c.c.C.[Tomcat].[localhost].[/ch07]   : Initializing Spring embedded WebApplicationContext
2024-03-13T08:42:33.189+09:00  INFO 1308 --- [ch07] [restartedMain] w.s.c.ServletWebServerApplicationContext : Root WebApplicationContext: initialization completed in 684 ms
2024-03-13T08:42:33.272+09:00  INFO 1308 --- [ch07] [restartedMain] o.hibernate.jpa.internal.util.LogHelper  : HHH000204: Processing PersistenceUnitInfo [name: default]
2024-03-13T08:42:33.298+09:00  INFO 1308 --- [ch07] [restartedMain] org.hibernate.Version                    : HHH000412: Hibernate ORM core version 6.4.4.Final
2024-03-13T08:42:33.315+09:00  INFO 1308 --- [ch07] [restartedMain] o.h.c.internal.RegionFactoryInitiator    : HHH000026: Second-level cache disabled
2024-03-13T08:42:33.439+09:00  INFO 1308 --- [ch07] [restartedMain] o.s.o.j.p.SpringPersistenceUnitInfo      : No LoadTimeWeaver setup: ignoring JPA class transformer
2024-03-13T08:42:33.454+09:00  INFO 1308 --- [ch07] [restartedMain] com.zaxxer.hikari.HikariDataSource       : HikariPool-1 - Starting...
2024-03-13T08:42:33.601+09:00  INFO 1308 --- [ch07] [restartedMain] com.zaxxer.hikari.pool.HikariPool        : HikariPool-1 - Added connection com.mysql.cj.jdbc.ConnectionImpl@53b40190
2024-03-13T08:42:33.603+09:00  INFO 1308 --- [ch07] [restartedMain] com.zaxxer.hikari.HikariDataSource       : HikariPool-1 - Start completed.
2024-03-13T08:42:33.630+09:00  WARN 1308 --- [ch07] [restartedMain] org.hibernate.orm.deprecation            : HHH90000025: MySQLDialect does not need to be specified explicitly using 'hibernate.dialect' (remove the property setting and it will be selected by default)
2024-03-13T08:42:34.248+09:00  INFO 1308 --- [ch07] [restartedMain] o.h.e.t.j.p.i.JtaPlatformInitiator       : HHH000489: No JTA platform available (set 'hibernate.transaction.jta.platform' to enable JTA platform integration)
2024-03-13T08:42:34.305+09:00  INFO 1308 --- [ch07] [restartedMain] j.LocalContainerEntityManagerFactoryBean : Initialized JPA EntityManagerFactory for persistence unit 'default'
2024-03-13T08:42:34.480+09:00  INFO 1308 --- [ch07] [restartedMain] o.s.d.j.r.query.QueryEnhancerFactory     : Hibernate is in classpath; If applicable, HQL parser will be used.
2024-03-13T08:42:34.760+09:00  WARN 1308 --- [ch07] [restartedMain] JpaBaseConfiguration$JpaWebConfiguration : spring.jpa.open-in-view is enabled by default. Therefore, database queries may be performed during view rendering. Explicitly configure spring.jpa.open-in-view to disable this warning
2024-03-13T08:42:34.772+09:00  INFO 1308 --- [ch07] [restartedMain] o.s.b.a.w.s.WelcomePageHandlerMapping    : Adding welcome page template: index
2024-03-13T08:42:35.013+09:00  INFO 1308 --- [ch07] [restartedMain] o.s.b.d.a.OptionalLiveReloadServer       : LiveReload server is running on port 35729
2024-03-13T08:42:35.032+09:00  INFO 1308 --- [ch07] [restartedMain] o.s.b.w.embedded.tomcat.TomcatWebServer  : Tomcat started on port 8080 (http) with context path '/ch07'
2024-03-13T08:42:35.038+09:00  INFO 1308 --- [ch07] [restartedMain] kr.co.ch07.Ch07Application               : Started Ch07Application in 2.751 seconds (process running for 3.026)
2024-03-13T08:42:44.537+09:00  INFO 1308 --- [ch07] [http-nio-8080-exec-1] o.a.c.c.C.[Tomcat].[localhost].[/ch07]   : Initializing Spring DispatcherServlet 'dispatcherServlet'
2024-03-13T08:42:44.537+09:00  INFO 1308 --- [ch07] [http-nio-8080-exec-1] o.s.web.servlet.DispatcherServlet        : Initializing Servlet 'dispatcherServlet'
2024-03-13T08:42:44.538+09:00  INFO 1308 --- [ch07] [http-nio-8080-exec-1] o.s.web.servlet.DispatcherServlet        : Completed initialization in 1 ms
2024-03-13T08:42:49.752+09:00  WARN 1308 --- [ch07] [http-nio-8080-exec-3] .w.s.m.s.DefaultHandlerExceptionResolver : Resolved [org.springframework.web.bind.MethodArgumentNotValidException: Validation failed for argument [0] in public java.lang.String kr.co.ch07.controller.User5Controller.register(kr.co.ch07.dto.User5DTO): [Field error in object 'user5DTO' on field 'seq': rejected value [null]; codes [typeMismatch.user5DTO.seq,typeMismatch.seq,typeMismatch.int,typeMismatch]; arguments [org.springframework.context.support.DefaultMessageSourceResolvable: codes [user5DTO.seq,seq]; arguments []; default message [seq]]; default message [Failed to convert value of type 'null' to required type 'int'; Failed to convert from type [null] to type [int] for value [null]]] ]
2024-03-13T08:43:27.090+09:00  INFO 1308 --- [ch07] [File Watcher] rtingClassPathChangeChangedEventListener : Restarting due to 7 class path changes (0 additions, 0 deletions, 7 modifications)
2024-03-13T08:43:27.102+09:00  INFO 1308 --- [ch07] [Thread-5] j.LocalContainerEntityManagerFactoryBean : Closing JPA EntityManagerFactory for persistence unit 'default'
2024-03-13T08:43:27.104+09:00  INFO 1308 --- [ch07] [Thread-5] com.zaxxer.hikari.HikariDataSource       : HikariPool-1 - Shutdown initiated...
2024-03-13T08:43:27.110+09:00  INFO 1308 --- [ch07] [Thread-5] com.zaxxer.hikari.HikariDataSource       : HikariPool-1 - Shutdown completed.
2024-03-13T08:43:27.167+09:00  INFO 1308 --- [ch07] [restartedMain] kr.co.ch07.Ch07Application               : Starting Ch07Application using Java 17.0.9 with PID 1308 (C:\Users\java\Desktop\workspace\Spring\ch07\build\classes\java\main started by java in C:\Users\java\Desktop\workspace\Spring\ch07)
2024-03-13T08:43:27.168+09:00  INFO 1308 --- [ch07] [restartedMain] kr.co.ch07.Ch07Application               : No active profile set, falling back to 1 default profile: "default"
2024-03-13T08:43:27.299+09:00  INFO 1308 --- [ch07] [restartedMain] .s.d.r.c.RepositoryConfigurationDelegate : Bootstrapping Spring Data JPA repositories in DEFAULT mode.
2024-03-13T08:43:27.312+09:00  INFO 1308 --- [ch07] [restartedMain] .s.d.r.c.RepositoryConfigurationDelegate : Finished Spring Data repository scanning in 13 ms. Found 13 JPA repository interfaces.
2024-03-13T08:43:27.354+09:00  INFO 1308 --- [ch07] [restartedMain] o.s.b.w.embedded.tomcat.TomcatWebServer  : Tomcat initialized with port 8080 (http)
2024-03-13T08:43:27.354+09:00  INFO 1308 --- [ch07] [restartedMain] o.apache.catalina.core.StandardService   : Starting service [Tomcat]
2024-03-13T08:43:27.354+09:00  INFO 1308 --- [ch07] [restartedMain] o.apache.catalina.core.StandardEngine    : Starting Servlet engine: [Apache Tomcat/10.1.19]
2024-03-13T08:43:27.361+09:00  INFO 1308 --- [ch07] [restartedMain] o.a.c.c.C.[Tomcat].[localhost].[/ch07]   : Initializing Spring embedded WebApplicationContext
2024-03-13T08:43:27.362+09:00  INFO 1308 --- [ch07] [restartedMain] w.s.c.ServletWebServerApplicationContext : Root WebApplicationContext: initialization completed in 194 ms
2024-03-13T08:43:27.379+09:00  INFO 1308 --- [ch07] [restartedMain] o.hibernate.jpa.internal.util.LogHelper  : HHH000204: Processing PersistenceUnitInfo [name: default]
2024-03-13T08:43:27.381+09:00  INFO 1308 --- [ch07] [restartedMain] o.h.c.internal.RegionFactoryInitiator    : HHH000026: Second-level cache disabled
2024-03-13T08:43:27.383+09:00  INFO 1308 --- [ch07] [restartedMain] o.s.o.j.p.SpringPersistenceUnitInfo      : No LoadTimeWeaver setup: ignoring JPA class transformer
2024-03-13T08:43:27.384+09:00  INFO 1308 --- [ch07] [restartedMain] com.zaxxer.hikari.HikariDataSource       : HikariPool-2 - Starting...
2024-03-13T08:43:27.393+09:00  INFO 1308 --- [ch07] [restartedMain] com.zaxxer.hikari.pool.HikariPool        : HikariPool-2 - Added connection com.mysql.cj.jdbc.ConnectionImpl@4ca8ffea
2024-03-13T08:43:27.393+09:00  INFO 1308 --- [ch07] [restartedMain] com.zaxxer.hikari.HikariDataSource       : HikariPool-2 - Start completed.
2024-03-13T08:43:27.394+09:00  WARN 1308 --- [ch07] [restartedMain] org.hibernate.orm.deprecation            : HHH90000025: MySQLDialect does not need to be specified explicitly using 'hibernate.dialect' (remove the property setting and it will be selected by default)
2024-03-13T08:43:27.459+09:00  INFO 1308 --- [ch07] [restartedMain] o.h.e.t.j.p.i.JtaPlatformInitiator       : HHH000489: No JTA platform available (set 'hibernate.transaction.jta.platform' to enable JTA platform integration)
2024-03-13T08:43:27.487+09:00  INFO 1308 --- [ch07] [restartedMain] j.LocalContainerEntityManagerFactoryBean : Initialized JPA EntityManagerFactory for persistence unit 'default'
2024-03-13T08:43:27.587+09:00  WARN 1308 --- [ch07] [restartedMain] JpaBaseConfiguration$JpaWebConfiguration : spring.jpa.open-in-view is enabled by default. Therefore, database queries may be performed during view rendering. Explicitly configure spring.jpa.open-in-view to disable this warning
2024-03-13T08:43:27.591+09:00  INFO 1308 --- [ch07] [restartedMain] o.s.b.a.w.s.WelcomePageHandlerMapping    : Adding welcome page template: index
2024-03-13T08:43:27.684+09:00  INFO 1308 --- [ch07] [restartedMain] o.s.b.d.a.OptionalLiveReloadServer       : LiveReload server is running on port 35729
2024-03-13T08:43:27.690+09:00  INFO 1308 --- [ch07] [restartedMain] o.s.b.w.embedded.tomcat.TomcatWebServer  : Tomcat started on port 8080 (http) with context path '/ch07'
2024-03-13T08:43:27.692+09:00  INFO 1308 --- [ch07] [restartedMain] kr.co.ch07.Ch07Application               : Started Ch07Application in 0.54 seconds (process running for 55.68)
2024-03-13T08:43:27.693+09:00  INFO 1308 --- [ch07] [restartedMain] .ConditionEvaluationDeltaLoggingListener : Condition evaluation unchanged
2024-03-13T08:44:05.410+09:00  INFO 1308 --- [ch07] [SpringApplicationShutdownHook] j.LocalContainerEntityManagerFactoryBean : Closing JPA EntityManagerFactory for persistence unit 'default'
2024-03-13T08:44:05.411+09:00  INFO 1308 --- [ch07] [SpringApplicationShutdownHook] com.zaxxer.hikari.HikariDataSource       : HikariPool-2 - Shutdown initiated...
2024-03-13T08:44:05.416+09:00  INFO 1308 --- [ch07] [SpringApplicationShutdownHook] com.zaxxer.hikari.HikariDataSource       : HikariPool-2 - Shutdown completed.
2024-03-13T08:44:06.771+09:00  INFO 3396 --- [ch07] [restartedMain] kr.co.ch07.Ch07Application               : Starting Ch07Application using Java 17.0.9 with PID 3396 (C:\Users\java\Desktop\workspace\Spring\ch07\build\classes\java\main started by java in C:\Users\java\Desktop\workspace\Spring\ch07)
2024-03-13T08:44:06.772+09:00  INFO 3396 --- [ch07] [restartedMain] kr.co.ch07.Ch07Application               : No active profile set, falling back to 1 default profile: "default"
2024-03-13T08:44:06.794+09:00  INFO 3396 --- [ch07] [restartedMain] .e.DevToolsPropertyDefaultsPostProcessor : Devtools property defaults active! Set 'spring.devtools.add-properties' to 'false' to disable
2024-03-13T08:44:06.794+09:00  INFO 3396 --- [ch07] [restartedMain] .e.DevToolsPropertyDefaultsPostProcessor : For additional web related logging consider setting the 'logging.level.web' property to 'DEBUG'
2024-03-13T08:44:07.122+09:00  INFO 3396 --- [ch07] [restartedMain] .s.d.r.c.RepositoryConfigurationDelegate : Bootstrapping Spring Data JPA repositories in DEFAULT mode.
2024-03-13T08:44:07.165+09:00  INFO 3396 --- [ch07] [restartedMain] .s.d.r.c.RepositoryConfigurationDelegate : Finished Spring Data repository scanning in 38 ms. Found 13 JPA repository interfaces.
2024-03-13T08:44:07.435+09:00  INFO 3396 --- [ch07] [restartedMain] o.s.b.w.embedded.tomcat.TomcatWebServer  : Tomcat initialized with port 8080 (http)
2024-03-13T08:44:07.441+09:00  INFO 3396 --- [ch07] [restartedMain] o.apache.catalina.core.StandardService   : Starting service [Tomcat]
2024-03-13T08:44:07.441+09:00  INFO 3396 --- [ch07] [restartedMain] o.apache.catalina.core.StandardEngine    : Starting Servlet engine: [Apache Tomcat/10.1.19]
2024-03-13T08:44:07.466+09:00  INFO 3396 --- [ch07] [restartedMain] o.a.c.c.C.[Tomcat].[localhost].[/ch07]   : Initializing Spring embedded WebApplicationContext
2024-03-13T08:44:07.466+09:00  INFO 3396 --- [ch07] [restartedMain] w.s.c.ServletWebServerApplicationContext : Root WebApplicationContext: initialization completed in 672 ms
2024-03-13T08:44:07.545+09:00  INFO 3396 --- [ch07] [restartedMain] o.hibernate.jpa.internal.util.LogHelper  : HHH000204: Processing PersistenceUnitInfo [name: default]
2024-03-13T08:44:07.570+09:00  INFO 3396 --- [ch07] [restartedMain] org.hibernate.Version                    : HHH000412: Hibernate ORM core version 6.4.4.Final
2024-03-13T08:44:07.587+09:00  INFO 3396 --- [ch07] [restartedMain] o.h.c.internal.RegionFactoryInitiator    : HHH000026: Second-level cache disabled
2024-03-13T08:44:07.709+09:00  INFO 3396 --- [ch07] [restartedMain] o.s.o.j.p.SpringPersistenceUnitInfo      : No LoadTimeWeaver setup: ignoring JPA class transformer
2024-03-13T08:44:07.724+09:00  INFO 3396 --- [ch07] [restartedMain] com.zaxxer.hikari.HikariDataSource       : HikariPool-1 - Starting...
2024-03-13T08:44:07.869+09:00  INFO 3396 --- [ch07] [restartedMain] com.zaxxer.hikari.pool.HikariPool        : HikariPool-1 - Added connection com.mysql.cj.jdbc.ConnectionImpl@359283ea
2024-03-13T08:44:07.870+09:00  INFO 3396 --- [ch07] [restartedMain] com.zaxxer.hikari.HikariDataSource       : HikariPool-1 - Start completed.
2024-03-13T08:44:07.898+09:00  WARN 3396 --- [ch07] [restartedMain] org.hibernate.orm.deprecation            : HHH90000025: MySQLDialect does not need to be specified explicitly using 'hibernate.dialect' (remove the property setting and it will be selected by default)
2024-03-13T08:44:08.482+09:00  INFO 3396 --- [ch07] [restartedMain] o.h.e.t.j.p.i.JtaPlatformInitiator       : HHH000489: No JTA platform available (set 'hibernate.transaction.jta.platform' to enable JTA platform integration)
2024-03-13T08:44:08.536+09:00  INFO 3396 --- [ch07] [restartedMain] j.LocalContainerEntityManagerFactoryBean : Initialized JPA EntityManagerFactory for persistence unit 'default'
2024-03-13T08:44:08.707+09:00  INFO 3396 --- [ch07] [restartedMain] o.s.d.j.r.query.QueryEnhancerFactory     : Hibernate is in classpath; If applicable, HQL parser will be used.
2024-03-13T08:44:08.950+09:00  WARN 3396 --- [ch07] [restartedMain] JpaBaseConfiguration$JpaWebConfiguration : spring.jpa.open-in-view is enabled by default. Therefore, database queries may be performed during view rendering. Explicitly configure spring.jpa.open-in-view to disable this warning
2024-03-13T08:44:08.961+09:00  INFO 3396 --- [ch07] [restartedMain] o.s.b.a.w.s.WelcomePageHandlerMapping    : Adding welcome page template: index
2024-03-13T08:44:09.197+09:00  INFO 3396 --- [ch07] [restartedMain] o.s.b.d.a.OptionalLiveReloadServer       : LiveReload server is running on port 35729
2024-03-13T08:44:09.216+09:00  INFO 3396 --- [ch07] [restartedMain] o.s.b.w.embedded.tomcat.TomcatWebServer  : Tomcat started on port 8080 (http) with context path '/ch07'
2024-03-13T08:44:09.222+09:00  INFO 3396 --- [ch07] [restartedMain] kr.co.ch07.Ch07Application               : Started Ch07Application in 2.648 seconds (process running for 2.964)
2024-03-13T08:44:24.722+09:00  INFO 3396 --- [ch07] [http-nio-8080-exec-1] o.a.c.c.C.[Tomcat].[localhost].[/ch07]   : Initializing Spring DispatcherServlet 'dispatcherServlet'
2024-03-13T08:44:24.722+09:00  INFO 3396 --- [ch07] [http-nio-8080-exec-1] o.s.web.servlet.DispatcherServlet        : Initializing Servlet 'dispatcherServlet'
2024-03-13T08:44:24.723+09:00  INFO 3396 --- [ch07] [http-nio-8080-exec-1] o.s.web.servlet.DispatcherServlet        : Completed initialization in 1 ms
2024-03-13T08:44:31.091+09:00  INFO 3396 --- [ch07] [http-nio-8080-exec-2] kr.co.ch07.controller.User5Controller    : register : User5DTO(seq=0, name=, gender=M, age=23, addr= )
2024-03-13T08:49:41.676+09:00  INFO 3396 --- [ch07] [File Watcher] rtingClassPathChangeChangedEventListener : Restarting due to 20 class path changes (8 additions, 8 deletions, 4 modifications)
2024-03-13T08:49:41.684+09:00  INFO 3396 --- [ch07] [Thread-5] j.LocalContainerEntityManagerFactoryBean : Closing JPA EntityManagerFactory for persistence unit 'default'
2024-03-13T08:49:41.686+09:00  INFO 3396 --- [ch07] [Thread-5] com.zaxxer.hikari.HikariDataSource       : HikariPool-1 - Shutdown initiated...
2024-03-13T08:49:41.692+09:00  INFO 3396 --- [ch07] [Thread-5] com.zaxxer.hikari.HikariDataSource       : HikariPool-1 - Shutdown completed.
2024-03-13T08:49:41.744+09:00  INFO 3396 --- [ch07] [restartedMain] kr.co.ch07.Ch07Application               : Starting Ch07Application using Java 17.0.9 with PID 3396 (C:\Users\java\Desktop\workspace\Spring\ch07\build\classes\java\main started by java in C:\Users\java\Desktop\workspace\Spring\ch07)
2024-03-13T08:49:41.744+09:00  INFO 3396 --- [ch07] [restartedMain] kr.co.ch07.Ch07Application               : No active profile set, falling back to 1 default profile: "default"
2024-03-13T08:49:41.874+09:00  INFO 3396 --- [ch07] [restartedMain] .s.d.r.c.RepositoryConfigurationDelegate : Bootstrapping Spring Data JPA repositories in DEFAULT mode.
2024-03-13T08:49:41.888+09:00  INFO 3396 --- [ch07] [restartedMain] .s.d.r.c.RepositoryConfigurationDelegate : Finished Spring Data repository scanning in 14 ms. Found 13 JPA repository interfaces.
2024-03-13T08:49:41.943+09:00  INFO 3396 --- [ch07] [restartedMain] o.s.b.w.embedded.tomcat.TomcatWebServer  : Tomcat initialized with port 8080 (http)
2024-03-13T08:49:41.944+09:00  INFO 3396 --- [ch07] [restartedMain] o.apache.catalina.core.StandardService   : Starting service [Tomcat]
2024-03-13T08:49:41.944+09:00  INFO 3396 --- [ch07] [restartedMain] o.apache.catalina.core.StandardEngine    : Starting Servlet engine: [Apache Tomcat/10.1.19]
2024-03-13T08:49:41.952+09:00  INFO 3396 --- [ch07] [restartedMain] o.a.c.c.C.[Tomcat].[localhost].[/ch07]   : Initializing Spring embedded WebApplicationContext
2024-03-13T08:49:41.952+09:00  INFO 3396 --- [ch07] [restartedMain] w.s.c.ServletWebServerApplicationContext : Root WebApplicationContext: initialization completed in 207 ms
2024-03-13T08:49:41.974+09:00  INFO 3396 --- [ch07] [restartedMain] o.hibernate.jpa.internal.util.LogHelper  : HHH000204: Processing PersistenceUnitInfo [name: default]
2024-03-13T08:49:41.976+09:00  INFO 3396 --- [ch07] [restartedMain] o.h.c.internal.RegionFactoryInitiator    : HHH000026: Second-level cache disabled
2024-03-13T08:49:41.980+09:00  INFO 3396 --- [ch07] [restartedMain] o.s.o.j.p.SpringPersistenceUnitInfo      : No LoadTimeWeaver setup: ignoring JPA class transformer
2024-03-13T08:49:41.980+09:00  INFO 3396 --- [ch07] [restartedMain] com.zaxxer.hikari.HikariDataSource       : HikariPool-2 - Starting...
2024-03-13T08:49:41.991+09:00  INFO 3396 --- [ch07] [restartedMain] com.zaxxer.hikari.pool.HikariPool        : HikariPool-2 - Added connection com.mysql.cj.jdbc.ConnectionImpl@e26d4e8
2024-03-13T08:49:41.991+09:00  INFO 3396 --- [ch07] [restartedMain] com.zaxxer.hikari.HikariDataSource       : HikariPool-2 - Start completed.
2024-03-13T08:49:41.992+09:00  WARN 3396 --- [ch07] [restartedMain] org.hibernate.orm.deprecation            : HHH90000025: MySQLDialect does not need to be specified explicitly using 'hibernate.dialect' (remove the property setting and it will be selected by default)
2024-03-13T08:49:42.063+09:00  INFO 3396 --- [ch07] [restartedMain] o.h.e.t.j.p.i.JtaPlatformInitiator       : HHH000489: No JTA platform available (set 'hibernate.transaction.jta.platform' to enable JTA platform integration)
2024-03-13T08:49:42.088+09:00  INFO 3396 --- [ch07] [restartedMain] j.LocalContainerEntityManagerFactoryBean : Initialized JPA EntityManagerFactory for persistence unit 'default'
2024-03-13T08:49:42.198+09:00  WARN 3396 --- [ch07] [restartedMain] JpaBaseConfiguration$JpaWebConfiguration : spring.jpa.open-in-view is enabled by default. Therefore, database queries may be performed during view rendering. Explicitly configure spring.jpa.open-in-view to disable this warning
2024-03-13T08:49:42.201+09:00  INFO 3396 --- [ch07] [restartedMain] o.s.b.a.w.s.WelcomePageHandlerMapping    : Adding welcome page template: index
2024-03-13T08:49:42.303+09:00  INFO 3396 --- [ch07] [restartedMain] o.s.b.d.a.OptionalLiveReloadServer       : LiveReload server is running on port 35729
2024-03-13T08:49:42.309+09:00  INFO 3396 --- [ch07] [restartedMain] o.s.b.w.embedded.tomcat.TomcatWebServer  : Tomcat started on port 8080 (http) with context path '/ch07'
2024-03-13T08:49:42.311+09:00  INFO 3396 --- [ch07] [restartedMain] kr.co.ch07.Ch07Application               : Started Ch07Application in 0.583 seconds (process running for 336.053)
2024-03-13T08:49:42.312+09:00  INFO 3396 --- [ch07] [restartedMain] .ConditionEvaluationDeltaLoggingListener : Condition evaluation unchanged
2024-03-13T09:28:06.441+09:00  INFO 3396 --- [ch07] [SpringApplicationShutdownHook] j.LocalContainerEntityManagerFactoryBean : Closing JPA EntityManagerFactory for persistence unit 'default'
2024-03-13T09:28:06.442+09:00  INFO 3396 --- [ch07] [SpringApplicationShutdownHook] com.zaxxer.hikari.HikariDataSource       : HikariPool-2 - Shutdown initiated...
2024-03-13T09:28:06.445+09:00  INFO 3396 --- [ch07] [SpringApplicationShutdownHook] com.zaxxer.hikari.HikariDataSource       : HikariPool-2 - Shutdown completed.
