2024-05-07T09:27:44.013+09:00  INFO 19028 --- [ch09] [restartedMain] kr.co.ch09.Ch09Application               : Starting Ch09Application using Java 17.0.9 with PID 19028 (C:\Users\java\Desktop\workspace\Spring\ch09\build\classes\java\main started by java in C:\Users\java\Desktop\workspace\Spring\ch09)
2024-05-07T09:27:44.018+09:00  INFO 19028 --- [ch09] [restartedMain] kr.co.ch09.Ch09Application               : No active profile set, falling back to 1 default profile: "default"
2024-05-07T09:27:44.051+09:00  INFO 19028 --- [ch09] [restartedMain] .e.DevToolsPropertyDefaultsPostProcessor : Devtools property defaults active! Set 'spring.devtools.add-properties' to 'false' to disable
2024-05-07T09:27:44.051+09:00  INFO 19028 --- [ch09] [restartedMain] .e.DevToolsPropertyDefaultsPostProcessor : For additional web related logging consider setting the 'logging.level.web' property to 'DEBUG'
2024-05-07T09:27:44.543+09:00  WARN 19028 --- [ch09] [restartedMain] ConfigServletWebServerApplicationContext : Exception encountered during context initialization - cancelling refresh attempt: java.lang.IllegalStateException: Error processing condition on org.springframework.boot.autoconfigure.context.PropertyPlaceholderAutoConfiguration.propertySourcesPlaceholderConfigurer
2024-05-07T09:27:44.557+09:00  INFO 19028 --- [ch09] [restartedMain] .s.b.a.l.ConditionEvaluationReportLogger : 

Error starting ApplicationContext. To display the condition evaluation report re-run your application with 'debug' enabled.
2024-05-07T09:27:44.573+09:00 ERROR 19028 --- [ch09] [restartedMain] o.s.boot.SpringApplication               : Application run failed

java.lang.IllegalStateException: Error processing condition on org.springframework.boot.autoconfigure.context.PropertyPlaceholderAutoConfiguration.propertySourcesPlaceholderConfigurer
	at org.springframework.boot.autoconfigure.condition.SpringBootCondition.matches(SpringBootCondition.java:60) ~[spring-boot-autoconfigure-3.2.3.jar:3.2.3]
	at org.springframework.context.annotation.ConditionEvaluator.shouldSkip(ConditionEvaluator.java:108) ~[spring-context-6.1.4.jar:6.1.4]
	at org.springframework.context.annotation.ConfigurationClassBeanDefinitionReader.loadBeanDefinitionsForBeanMethod(ConfigurationClassBeanDefinitionReader.java:183) ~[spring-context-6.1.4.jar:6.1.4]
	at org.springframework.context.annotation.ConfigurationClassBeanDefinitionReader.loadBeanDefinitionsForConfigurationClass(ConfigurationClassBeanDefinitionReader.java:144) ~[spring-context-6.1.4.jar:6.1.4]
	at org.springframework.context.annotation.ConfigurationClassBeanDefinitionReader.loadBeanDefinitions(ConfigurationClassBeanDefinitionReader.java:120) ~[spring-context-6.1.4.jar:6.1.4]
	at org.springframework.context.annotation.ConfigurationClassPostProcessor.processConfigBeanDefinitions(ConfigurationClassPostProcessor.java:428) ~[spring-context-6.1.4.jar:6.1.4]
	at org.springframework.context.annotation.ConfigurationClassPostProcessor.postProcessBeanDefinitionRegistry(ConfigurationClassPostProcessor.java:289) ~[spring-context-6.1.4.jar:6.1.4]
	at org.springframework.context.support.PostProcessorRegistrationDelegate.invokeBeanDefinitionRegistryPostProcessors(PostProcessorRegistrationDelegate.java:349) ~[spring-context-6.1.4.jar:6.1.4]
	at org.springframework.context.support.PostProcessorRegistrationDelegate.invokeBeanFactoryPostProcessors(PostProcessorRegistrationDelegate.java:118) ~[spring-context-6.1.4.jar:6.1.4]
	at org.springframework.context.support.AbstractApplicationContext.invokeBeanFactoryPostProcessors(AbstractApplicationContext.java:788) ~[spring-context-6.1.4.jar:6.1.4]
	at org.springframework.context.support.AbstractApplicationContext.refresh(AbstractApplicationContext.java:606) ~[spring-context-6.1.4.jar:6.1.4]
	at org.springframework.boot.web.servlet.context.ServletWebServerApplicationContext.refresh(ServletWebServerApplicationContext.java:146) ~[spring-boot-3.2.3.jar:3.2.3]
	at org.springframework.boot.SpringApplication.refresh(SpringApplication.java:754) ~[spring-boot-3.2.3.jar:3.2.3]
	at org.springframework.boot.SpringApplication.refreshContext(SpringApplication.java:456) ~[spring-boot-3.2.3.jar:3.2.3]
	at org.springframework.boot.SpringApplication.run(SpringApplication.java:334) ~[spring-boot-3.2.3.jar:3.2.3]
	at org.springframework.boot.SpringApplication.run(SpringApplication.java:1354) ~[spring-boot-3.2.3.jar:3.2.3]
	at org.springframework.boot.SpringApplication.run(SpringApplication.java:1343) ~[spring-boot-3.2.3.jar:3.2.3]
	at kr.co.ch09.Ch09Application.main(Ch09Application.java:10) ~[main/:na]
	at java.base/jdk.internal.reflect.NativeMethodAccessorImpl.invoke0(Native Method) ~[na:na]
	at java.base/jdk.internal.reflect.NativeMethodAccessorImpl.invoke(NativeMethodAccessorImpl.java:77) ~[na:na]
	at java.base/jdk.internal.reflect.DelegatingMethodAccessorImpl.invoke(DelegatingMethodAccessorImpl.java:43) ~[na:na]
	at java.base/java.lang.reflect.Method.invoke(Method.java:568) ~[na:na]
	at org.springframework.boot.devtools.restart.RestartLauncher.run(RestartLauncher.java:50) ~[spring-boot-devtools-3.2.3.jar:3.2.3]
Caused by: java.lang.IllegalStateException: Failed to introspect Class [kr.co.ch09.config.SwaggerConfig] from ClassLoader [org.springframework.boot.devtools.restart.classloader.RestartClassLoader@2fe9df75]
	at org.springframework.util.ReflectionUtils.getDeclaredMethods(ReflectionUtils.java:483) ~[spring-core-6.1.4.jar:6.1.4]
	at org.springframework.util.ReflectionUtils.doWithMethods(ReflectionUtils.java:360) ~[spring-core-6.1.4.jar:6.1.4]
	at org.springframework.util.ReflectionUtils.getUniqueDeclaredMethods(ReflectionUtils.java:417) ~[spring-core-6.1.4.jar:6.1.4]
	at org.springframework.beans.factory.support.AbstractAutowireCapableBeanFactory.lambda$getTypeForFactoryMethod$1(AbstractAutowireCapableBeanFactory.java:750) ~[spring-beans-6.1.4.jar:6.1.4]
	at java.base/java.util.concurrent.ConcurrentHashMap.computeIfAbsent(ConcurrentHashMap.java:1708) ~[na:na]
	at org.springframework.beans.factory.support.AbstractAutowireCapableBeanFactory.getTypeForFactoryMethod(AbstractAutowireCapableBeanFactory.java:749) ~[spring-beans-6.1.4.jar:6.1.4]
	at org.springframework.beans.factory.support.AbstractAutowireCapableBeanFactory.determineTargetType(AbstractAutowireCapableBeanFactory.java:682) ~[spring-beans-6.1.4.jar:6.1.4]
	at org.springframework.beans.factory.support.AbstractAutowireCapableBeanFactory.predictBeanType(AbstractAutowireCapableBeanFactory.java:653) ~[spring-beans-6.1.4.jar:6.1.4]
	at org.springframework.beans.factory.support.AbstractBeanFactory.isFactoryBean(AbstractBeanFactory.java:1644) ~[spring-beans-6.1.4.jar:6.1.4]
	at org.springframework.beans.factory.support.DefaultListableBeanFactory.doGetBeanNamesForType(DefaultListableBeanFactory.java:562) ~[spring-beans-6.1.4.jar:6.1.4]
	at org.springframework.beans.factory.support.DefaultListableBeanFactory.getBeanNamesForType(DefaultListableBeanFactory.java:534) ~[spring-beans-6.1.4.jar:6.1.4]
	at org.springframework.boot.autoconfigure.condition.OnBeanCondition.collectBeanNamesForType(OnBeanCondition.java:247) ~[spring-boot-autoconfigure-3.2.3.jar:3.2.3]
	at org.springframework.boot.autoconfigure.condition.OnBeanCondition.getBeanNamesForType(OnBeanCondition.java:240) ~[spring-boot-autoconfigure-3.2.3.jar:3.2.3]
	at org.springframework.boot.autoconfigure.condition.OnBeanCondition.getBeanNamesForType(OnBeanCondition.java:230) ~[spring-boot-autoconfigure-3.2.3.jar:3.2.3]
	at org.springframework.boot.autoconfigure.condition.OnBeanCondition.getMatchingBeans(OnBeanCondition.java:183) ~[spring-boot-autoconfigure-3.2.3.jar:3.2.3]
	at org.springframework.boot.autoconfigure.condition.OnBeanCondition.getMatchOutcome(OnBeanCondition.java:158) ~[spring-boot-autoconfigure-3.2.3.jar:3.2.3]
	at org.springframework.boot.autoconfigure.condition.SpringBootCondition.matches(SpringBootCondition.java:47) ~[spring-boot-autoconfigure-3.2.3.jar:3.2.3]
	... 22 common frames omitted
Caused by: java.lang.NoClassDefFoundError: io/swagger/v3/oas/models/OpenAPI
	at java.base/java.lang.Class.getDeclaredMethods0(Native Method) ~[na:na]
	at java.base/java.lang.Class.privateGetDeclaredMethods(Class.java:3402) ~[na:na]
	at java.base/java.lang.Class.getDeclaredMethods(Class.java:2504) ~[na:na]
	at org.springframework.util.ReflectionUtils.getDeclaredMethods(ReflectionUtils.java:465) ~[spring-core-6.1.4.jar:6.1.4]
	... 38 common frames omitted
Caused by: java.lang.ClassNotFoundException: io.swagger.v3.oas.models.OpenAPI
	at java.base/jdk.internal.loader.BuiltinClassLoader.loadClass(BuiltinClassLoader.java:641) ~[na:na]
	at java.base/jdk.internal.loader.ClassLoaders$AppClassLoader.loadClass(ClassLoaders.java:188) ~[na:na]
	at java.base/java.lang.ClassLoader.loadClass(ClassLoader.java:520) ~[na:na]
	at java.base/java.lang.Class.forName0(Native Method) ~[na:na]
	at java.base/java.lang.Class.forName(Class.java:467) ~[na:na]
	at org.springframework.boot.devtools.restart.classloader.RestartClassLoader.loadClass(RestartClassLoader.java:121) ~[spring-boot-devtools-3.2.3.jar:3.2.3]
	at java.base/java.lang.ClassLoader.loadClass(ClassLoader.java:520) ~[na:na]
	... 42 common frames omitted

2024-05-07T09:33:02.157+09:00  INFO 10404 --- [ch09] [restartedMain] kr.co.ch09.Ch09Application               : Starting Ch09Application using Java 17.0.9 with PID 10404 (C:\Users\java\Desktop\workspace\Spring\ch09\build\classes\java\main started by java in C:\Users\java\Desktop\workspace\Spring\ch09)
2024-05-07T09:33:02.158+09:00  INFO 10404 --- [ch09] [restartedMain] kr.co.ch09.Ch09Application               : No active profile set, falling back to 1 default profile: "default"
2024-05-07T09:33:02.180+09:00  INFO 10404 --- [ch09] [restartedMain] .e.DevToolsPropertyDefaultsPostProcessor : Devtools property defaults active! Set 'spring.devtools.add-properties' to 'false' to disable
2024-05-07T09:33:02.181+09:00  INFO 10404 --- [ch09] [restartedMain] .e.DevToolsPropertyDefaultsPostProcessor : For additional web related logging consider setting the 'logging.level.web' property to 'DEBUG'
2024-05-07T09:33:02.641+09:00  INFO 10404 --- [ch09] [restartedMain] .s.d.r.c.RepositoryConfigurationDelegate : Bootstrapping Spring Data JPA repositories in DEFAULT mode.
2024-05-07T09:33:02.714+09:00  INFO 10404 --- [ch09] [restartedMain] .s.d.r.c.RepositoryConfigurationDelegate : Finished Spring Data repository scanning in 68 ms. Found 6 JPA repository interfaces.
2024-05-07T09:33:02.779+09:00  WARN 10404 --- [ch09] [restartedMain] o.m.s.mapper.ClassPathMapperScanner      : No MyBatis mapper was found in '[kr.co.ch09]' package. Please check your configuration.
2024-05-07T09:33:03.026+09:00  INFO 10404 --- [ch09] [restartedMain] o.s.b.w.embedded.tomcat.TomcatWebServer  : Tomcat initialized with port 8080 (http)
2024-05-07T09:33:03.032+09:00  INFO 10404 --- [ch09] [restartedMain] o.apache.catalina.core.StandardService   : Starting service [Tomcat]
2024-05-07T09:33:03.033+09:00  INFO 10404 --- [ch09] [restartedMain] o.apache.catalina.core.StandardEngine    : Starting Servlet engine: [Apache Tomcat/10.1.19]
2024-05-07T09:33:03.061+09:00  INFO 10404 --- [ch09] [restartedMain] o.a.c.c.C.[Tomcat].[localhost].[/ch09]   : Initializing Spring embedded WebApplicationContext
2024-05-07T09:33:03.061+09:00  INFO 10404 --- [ch09] [restartedMain] w.s.c.ServletWebServerApplicationContext : Root WebApplicationContext: initialization completed in 880 ms
2024-05-07T09:33:03.146+09:00  INFO 10404 --- [ch09] [restartedMain] o.hibernate.jpa.internal.util.LogHelper  : HHH000204: Processing PersistenceUnitInfo [name: default]
2024-05-07T09:33:03.173+09:00  INFO 10404 --- [ch09] [restartedMain] org.hibernate.Version                    : HHH000412: Hibernate ORM core version 6.4.4.Final
2024-05-07T09:33:03.190+09:00  INFO 10404 --- [ch09] [restartedMain] o.h.c.internal.RegionFactoryInitiator    : HHH000026: Second-level cache disabled
2024-05-07T09:33:03.322+09:00  INFO 10404 --- [ch09] [restartedMain] o.s.o.j.p.SpringPersistenceUnitInfo      : No LoadTimeWeaver setup: ignoring JPA class transformer
2024-05-07T09:33:03.338+09:00  INFO 10404 --- [ch09] [restartedMain] com.zaxxer.hikari.HikariDataSource       : HikariPool-1 - Starting...
2024-05-07T09:33:03.488+09:00  INFO 10404 --- [ch09] [restartedMain] com.zaxxer.hikari.pool.HikariPool        : HikariPool-1 - Added connection com.mysql.cj.jdbc.ConnectionImpl@64abd4a9
2024-05-07T09:33:03.489+09:00  INFO 10404 --- [ch09] [restartedMain] com.zaxxer.hikari.HikariDataSource       : HikariPool-1 - Start completed.
2024-05-07T09:33:03.526+09:00  WARN 10404 --- [ch09] [restartedMain] org.hibernate.orm.deprecation            : HHH90000025: MySQLDialect does not need to be specified explicitly using 'hibernate.dialect' (remove the property setting and it will be selected by default)
2024-05-07T09:33:04.074+09:00  INFO 10404 --- [ch09] [restartedMain] o.h.e.t.j.p.i.JtaPlatformInitiator       : HHH000489: No JTA platform available (set 'hibernate.transaction.jta.platform' to enable JTA platform integration)
2024-05-07T09:33:04.113+09:00  INFO 10404 --- [ch09] [restartedMain] j.LocalContainerEntityManagerFactoryBean : Initialized JPA EntityManagerFactory for persistence unit 'default'
2024-05-07T09:33:04.341+09:00  WARN 10404 --- [ch09] [restartedMain] JpaBaseConfiguration$JpaWebConfiguration : spring.jpa.open-in-view is enabled by default. Therefore, database queries may be performed during view rendering. Explicitly configure spring.jpa.open-in-view to disable this warning
2024-05-07T09:33:04.398+09:00  INFO 10404 --- [ch09] [restartedMain] o.s.b.a.w.s.WelcomePageHandlerMapping    : Adding welcome page template: index
2024-05-07T09:33:04.491+09:00  INFO 10404 --- [ch09] [restartedMain] o.s.s.web.DefaultSecurityFilterChain     : Will secure any request with [org.springframework.security.web.session.DisableEncodeUrlFilter@380b4509, org.springframework.security.web.context.request.async.WebAsyncManagerIntegrationFilter@56741761, org.springframework.security.web.context.SecurityContextHolderFilter@7df11b02, org.springframework.security.web.header.HeaderWriterFilter@4035575a, org.springframework.web.filter.CorsFilter@1195b80a, org.springframework.security.web.authentication.logout.LogoutFilter@19f61d22, org.springframework.security.web.authentication.UsernamePasswordAuthenticationFilter@78eb18c0, org.springframework.security.web.savedrequest.RequestCacheAwareFilter@7d896fc4, org.springframework.security.web.servletapi.SecurityContextHolderAwareRequestFilter@236a7472, org.springframework.security.web.authentication.AnonymousAuthenticationFilter@4ba0fa9b, org.springframework.security.web.access.ExceptionTranslationFilter@4d0ef8bf, org.springframework.security.web.access.intercept.AuthorizationFilter@6bf0bc3d]
2024-05-07T09:33:04.684+09:00  INFO 10404 --- [ch09] [restartedMain] o.s.b.d.a.OptionalLiveReloadServer       : LiveReload server is running on port 35729
2024-05-07T09:33:04.703+09:00  INFO 10404 --- [ch09] [restartedMain] o.s.b.w.embedded.tomcat.TomcatWebServer  : Tomcat started on port 8080 (http) with context path '/ch09'
2024-05-07T09:33:04.709+09:00  INFO 10404 --- [ch09] [restartedMain] kr.co.ch09.Ch09Application               : Started Ch09Application in 2.874 seconds (process running for 3.292)
2024-05-07T09:33:20.954+09:00  INFO 10404 --- [ch09] [http-nio-8080-exec-2] o.a.c.c.C.[Tomcat].[localhost].[/ch09]   : Initializing Spring DispatcherServlet 'dispatcherServlet'
2024-05-07T09:33:20.954+09:00  INFO 10404 --- [ch09] [http-nio-8080-exec-2] o.s.web.servlet.DispatcherServlet        : Initializing Servlet 'dispatcherServlet'
2024-05-07T09:33:20.955+09:00  INFO 10404 --- [ch09] [http-nio-8080-exec-2] o.s.web.servlet.DispatcherServlet        : Completed initialization in 1 ms
2024-05-07T10:09:21.474+09:00  INFO 10404 --- [ch09] [SpringApplicationShutdownHook] j.LocalContainerEntityManagerFactoryBean : Closing JPA EntityManagerFactory for persistence unit 'default'
2024-05-07T10:09:21.479+09:00  INFO 10404 --- [ch09] [SpringApplicationShutdownHook] com.zaxxer.hikari.HikariDataSource       : HikariPool-1 - Shutdown initiated...
2024-05-07T10:09:21.485+09:00  INFO 10404 --- [ch09] [SpringApplicationShutdownHook] com.zaxxer.hikari.HikariDataSource       : HikariPool-1 - Shutdown completed.
2024-05-07T10:09:23.926+09:00  INFO 11148 --- [ch09] [restartedMain] kr.co.ch09.Ch09Application               : Starting Ch09Application using Java 17.0.9 with PID 11148 (C:\Users\java\Desktop\workspace\Spring\ch09\build\classes\java\main started by java in C:\Users\java\Desktop\workspace\Spring\ch09)
2024-05-07T10:09:23.928+09:00  INFO 11148 --- [ch09] [restartedMain] kr.co.ch09.Ch09Application               : No active profile set, falling back to 1 default profile: "default"
2024-05-07T10:09:23.960+09:00  INFO 11148 --- [ch09] [restartedMain] .e.DevToolsPropertyDefaultsPostProcessor : Devtools property defaults active! Set 'spring.devtools.add-properties' to 'false' to disable
2024-05-07T10:09:23.961+09:00  INFO 11148 --- [ch09] [restartedMain] .e.DevToolsPropertyDefaultsPostProcessor : For additional web related logging consider setting the 'logging.level.web' property to 'DEBUG'
2024-05-07T10:09:24.405+09:00  INFO 11148 --- [ch09] [restartedMain] .s.d.r.c.RepositoryConfigurationDelegate : Bootstrapping Spring Data JPA repositories in DEFAULT mode.
2024-05-07T10:09:24.437+09:00  INFO 11148 --- [ch09] [restartedMain] .s.d.r.c.RepositoryConfigurationDelegate : Finished Spring Data repository scanning in 28 ms. Found 6 JPA repository interfaces.
2024-05-07T10:09:24.521+09:00  WARN 11148 --- [ch09] [restartedMain] o.m.s.mapper.ClassPathMapperScanner      : No MyBatis mapper was found in '[kr.co.ch09]' package. Please check your configuration.
2024-05-07T10:09:24.761+09:00  INFO 11148 --- [ch09] [restartedMain] o.s.b.w.embedded.tomcat.TomcatWebServer  : Tomcat initialized with port 8080 (http)
2024-05-07T10:09:24.767+09:00  INFO 11148 --- [ch09] [restartedMain] o.apache.catalina.core.StandardService   : Starting service [Tomcat]
2024-05-07T10:09:24.767+09:00  INFO 11148 --- [ch09] [restartedMain] o.apache.catalina.core.StandardEngine    : Starting Servlet engine: [Apache Tomcat/10.1.19]
2024-05-07T10:09:24.796+09:00  INFO 11148 --- [ch09] [restartedMain] o.a.c.c.C.[Tomcat].[localhost].[/ch09]   : Initializing Spring embedded WebApplicationContext
2024-05-07T10:09:24.796+09:00  INFO 11148 --- [ch09] [restartedMain] w.s.c.ServletWebServerApplicationContext : Root WebApplicationContext: initialization completed in 835 ms
2024-05-07T10:09:24.880+09:00  INFO 11148 --- [ch09] [restartedMain] o.hibernate.jpa.internal.util.LogHelper  : HHH000204: Processing PersistenceUnitInfo [name: default]
2024-05-07T10:09:24.907+09:00  INFO 11148 --- [ch09] [restartedMain] org.hibernate.Version                    : HHH000412: Hibernate ORM core version 6.4.4.Final
2024-05-07T10:09:24.924+09:00  INFO 11148 --- [ch09] [restartedMain] o.h.c.internal.RegionFactoryInitiator    : HHH000026: Second-level cache disabled
2024-05-07T10:09:25.054+09:00  INFO 11148 --- [ch09] [restartedMain] o.s.o.j.p.SpringPersistenceUnitInfo      : No LoadTimeWeaver setup: ignoring JPA class transformer
2024-05-07T10:09:25.071+09:00  INFO 11148 --- [ch09] [restartedMain] com.zaxxer.hikari.HikariDataSource       : HikariPool-1 - Starting...
2024-05-07T10:09:25.216+09:00  INFO 11148 --- [ch09] [restartedMain] com.zaxxer.hikari.pool.HikariPool        : HikariPool-1 - Added connection com.mysql.cj.jdbc.ConnectionImpl@791e0706
2024-05-07T10:09:25.217+09:00  INFO 11148 --- [ch09] [restartedMain] com.zaxxer.hikari.HikariDataSource       : HikariPool-1 - Start completed.
2024-05-07T10:09:25.250+09:00  WARN 11148 --- [ch09] [restartedMain] org.hibernate.orm.deprecation            : HHH90000025: MySQLDialect does not need to be specified explicitly using 'hibernate.dialect' (remove the property setting and it will be selected by default)
2024-05-07T10:09:25.799+09:00  INFO 11148 --- [ch09] [restartedMain] o.h.e.t.j.p.i.JtaPlatformInitiator       : HHH000489: No JTA platform available (set 'hibernate.transaction.jta.platform' to enable JTA platform integration)
2024-05-07T10:09:25.834+09:00  INFO 11148 --- [ch09] [restartedMain] j.LocalContainerEntityManagerFactoryBean : Initialized JPA EntityManagerFactory for persistence unit 'default'
2024-05-07T10:09:26.050+09:00  WARN 11148 --- [ch09] [restartedMain] JpaBaseConfiguration$JpaWebConfiguration : spring.jpa.open-in-view is enabled by default. Therefore, database queries may be performed during view rendering. Explicitly configure spring.jpa.open-in-view to disable this warning
2024-05-07T10:09:26.108+09:00  INFO 11148 --- [ch09] [restartedMain] o.s.b.a.w.s.WelcomePageHandlerMapping    : Adding welcome page template: index
2024-05-07T10:09:26.199+09:00  INFO 11148 --- [ch09] [restartedMain] o.s.s.web.DefaultSecurityFilterChain     : Will secure any request with [org.springframework.security.web.session.DisableEncodeUrlFilter@57b2f5c, org.springframework.security.web.context.request.async.WebAsyncManagerIntegrationFilter@5b2fa1f0, org.springframework.security.web.context.SecurityContextHolderFilter@7c6a67ba, org.springframework.security.web.header.HeaderWriterFilter@677d9221, org.springframework.web.filter.CorsFilter@2a5608c, org.springframework.security.web.authentication.logout.LogoutFilter@6bf0bc3d, org.springframework.security.web.authentication.UsernamePasswordAuthenticationFilter@4ba0fa9b, org.springframework.security.web.savedrequest.RequestCacheAwareFilter@388d8dc0, org.springframework.security.web.servletapi.SecurityContextHolderAwareRequestFilter@7ddf18d7, org.springframework.security.web.authentication.AnonymousAuthenticationFilter@35b893b, org.springframework.security.web.access.ExceptionTranslationFilter@aa3aafd, org.springframework.security.web.access.intercept.AuthorizationFilter@2f6e2c97]
2024-05-07T10:09:26.386+09:00  INFO 11148 --- [ch09] [restartedMain] o.s.b.d.a.OptionalLiveReloadServer       : LiveReload server is running on port 35729
2024-05-07T10:09:26.406+09:00  INFO 11148 --- [ch09] [restartedMain] o.s.b.w.embedded.tomcat.TomcatWebServer  : Tomcat started on port 8080 (http) with context path '/ch09'
2024-05-07T10:09:26.411+09:00  INFO 11148 --- [ch09] [restartedMain] kr.co.ch09.Ch09Application               : Started Ch09Application in 2.693 seconds (process running for 3.004)
2024-05-07T10:09:38.011+09:00  INFO 11148 --- [ch09] [http-nio-8080-exec-1] o.a.c.c.C.[Tomcat].[localhost].[/ch09]   : Initializing Spring DispatcherServlet 'dispatcherServlet'
2024-05-07T10:09:38.011+09:00  INFO 11148 --- [ch09] [http-nio-8080-exec-1] o.s.web.servlet.DispatcherServlet        : Initializing Servlet 'dispatcherServlet'
2024-05-07T10:09:38.012+09:00  INFO 11148 --- [ch09] [http-nio-8080-exec-1] o.s.web.servlet.DispatcherServlet        : Completed initialization in 1 ms
2024-05-07T10:40:54.496+09:00  INFO 11148 --- [ch09] [http-nio-8080-exec-9] kr.co.ch09.controller.User1Controller    : User1DTO(uid=A101, name=김유신, birth=null, hp=010-1234-1111, age=45)
2024-05-07T10:45:30.982+09:00  INFO 11148 --- [ch09] [SpringApplicationShutdownHook] j.LocalContainerEntityManagerFactoryBean : Closing JPA EntityManagerFactory for persistence unit 'default'
2024-05-07T10:45:30.985+09:00  INFO 11148 --- [ch09] [SpringApplicationShutdownHook] com.zaxxer.hikari.HikariDataSource       : HikariPool-1 - Shutdown initiated...
2024-05-07T10:45:30.989+09:00  INFO 11148 --- [ch09] [SpringApplicationShutdownHook] com.zaxxer.hikari.HikariDataSource       : HikariPool-1 - Shutdown completed.
